ARM GAS  C:\Users\sr1\AppData\Local\Temp\ccQotGgN.s 			page 1


   1              		.cpu cortex-m4
   2              		.arch armv7e-m
   3              		.fpu fpv4-sp-d16
   4              		.eabi_attribute 27, 1
   5              		.eabi_attribute 28, 1
   6              		.eabi_attribute 20, 1
   7              		.eabi_attribute 21, 1
   8              		.eabi_attribute 23, 3
   9              		.eabi_attribute 24, 1
  10              		.eabi_attribute 25, 1
  11              		.eabi_attribute 26, 1
  12              		.eabi_attribute 30, 1
  13              		.eabi_attribute 34, 1
  14              		.eabi_attribute 18, 4
  15              		.file	"App.c"
  16              		.text
  17              	.Ltext0:
  18              		.cfi_sections	.debug_frame
  19              		.file 1 "App/App.c"
  20              		.section	.text.app_adc_filter_init,"ax",%progbits
  21              		.align	1
  22              		.global	app_adc_filter_init
  23              		.syntax unified
  24              		.thumb
  25              		.thumb_func
  27              	app_adc_filter_init:
  28              	.LFB331:
   1:App/App.c     **** #include "App.h"
   2:App/App.c     **** #include "BSP.h"
   3:App/App.c     **** #include "ProtocolMbRtuSlaveCtrl.h"
   4:App/App.c     **** 
   5:App/App.c     **** App_struct App;
   6:App/App.c     **** 
   7:App/App.c     **** void app_main(void)
   8:App/App.c     **** {
   9:App/App.c     ****   bsp_init();
  10:App/App.c     ****   app_init();
  11:App/App.c     **** 
  12:App/App.c     ****   while (1) // основной цикл
  13:App/App.c     ****   {
  14:App/App.c     ****   asm ("nop");
  15:App/App.c     ****   }
  16:App/App.c     **** }
  17:App/App.c     **** 
  18:App/App.c     **** void app_init()
  19:App/App.c     **** {
  20:App/App.c     ****   protocolMbRtuSlaveCtrl_init(1);
  21:App/App.c     ****   app_adc_filter_init();
  22:App/App.c     ****   return;
  23:App/App.c     **** }
  24:App/App.c     **** 
  25:App/App.c     **** void app_adc_filter_init()
  26:App/App.c     **** {
  29              		.loc 1 26 1 view -0
  30              		.cfi_startproc
  31              		@ args = 0, pretend = 0, frame = 0
  32              		@ frame_needed = 0, uses_anonymous_args = 0
ARM GAS  C:\Users\sr1\AppData\Local\Temp\ccQotGgN.s 			page 2


  33              		@ link register save eliminated.
  27:App/App.c     **** // -------------------------- ADC_ADS1251 -------------------------- //
  28:App/App.c     ****     App.adc_filter[ADC_ADS1251].value = 0.0f;
  34              		.loc 1 28 5 view .LVU1
  35              		.loc 1 28 39 is_stmt 0 view .LVU2
  36 0000 1C4B     		ldr	r3, .L6
  37 0002 0022     		movs	r2, #0
  38 0004 5A61     		str	r2, [r3, #20]	@ float
  29:App/App.c     ****     App.adc_filter[ADC_ADS1251].value_last = 0.0f;
  39              		.loc 1 29 5 is_stmt 1 view .LVU3
  40              		.loc 1 29 44 is_stmt 0 view .LVU4
  41 0006 9A61     		str	r2, [r3, #24]	@ float
  30:App/App.c     ****     App.adc_filter[ADC_ADS1251].valueRaw = 0.0f;
  42              		.loc 1 30 5 is_stmt 1 view .LVU5
  43              		.loc 1 30 42 is_stmt 0 view .LVU6
  44 0008 DA61     		str	r2, [r3, #28]	@ float
  31:App/App.c     ****     for (uint8_t j = 0; j < PROGRAM_ADC_MAX_FILTER_ORDER; j++)
  45              		.loc 1 31 5 is_stmt 1 view .LVU7
  46              	.LBB2:
  47              		.loc 1 31 10 view .LVU8
  48              	.LVL0:
  49              		.loc 1 31 18 is_stmt 0 view .LVU9
  50 000a 0023     		movs	r3, #0
  51              		.loc 1 31 5 view .LVU10
  52 000c 07E0     		b	.L2
  53              	.LVL1:
  54              	.L3:
  32:App/App.c     ****     {
  33:App/App.c     ****       App.adc_filter[ADC_ADS1251].buf[j] = 0.0f;
  55              		.loc 1 33 7 is_stmt 1 discriminator 3 view .LVU11
  56              		.loc 1 33 42 is_stmt 0 discriminator 3 view .LVU12
  57 000e 991D     		adds	r1, r3, #6
  58 0010 184A     		ldr	r2, .L6
  59 0012 02EB8102 		add	r2, r2, r1, lsl #2
  60 0016 0021     		movs	r1, #0
  61 0018 9160     		str	r1, [r2, #8]	@ float
  31:App/App.c     ****     for (uint8_t j = 0; j < PROGRAM_ADC_MAX_FILTER_ORDER; j++)
  62              		.loc 1 31 60 is_stmt 1 discriminator 3 view .LVU13
  63 001a 0133     		adds	r3, r3, #1
  64              	.LVL2:
  31:App/App.c     ****     for (uint8_t j = 0; j < PROGRAM_ADC_MAX_FILTER_ORDER; j++)
  65              		.loc 1 31 60 is_stmt 0 discriminator 3 view .LVU14
  66 001c DBB2     		uxtb	r3, r3
  67              	.LVL3:
  68              	.L2:
  31:App/App.c     ****     for (uint8_t j = 0; j < PROGRAM_ADC_MAX_FILTER_ORDER; j++)
  69              		.loc 1 31 27 is_stmt 1 discriminator 1 view .LVU15
  70 001e 172B     		cmp	r3, #23
  71 0020 F5D9     		bls	.L3
  72              	.LBE2:
  34:App/App.c     ****     }
  35:App/App.c     ****     App.adc_filter[ADC_ADS1251].bufIdx = 0;
  73              		.loc 1 35 5 view .LVU16
  74              		.loc 1 35 40 is_stmt 0 view .LVU17
  75 0022 144A     		ldr	r2, .L6
  76 0024 0023     		movs	r3, #0
  77              	.LVL4:
ARM GAS  C:\Users\sr1\AppData\Local\Temp\ccQotGgN.s 			page 3


  78              		.loc 1 35 40 view .LVU18
  79 0026 82F88030 		strb	r3, [r2, #128]
  36:App/App.c     ****     App.adc_filter[ADC_ADS1251].filter_N = 200;
  80              		.loc 1 36 5 is_stmt 1 view .LVU19
  81              		.loc 1 36 42 is_stmt 0 view .LVU20
  82 002a C821     		movs	r1, #200
  83 002c 82F88110 		strb	r1, [r2, #129]
  37:App/App.c     ****     App.adc_filter[ADC_ADS1251].order = 24;
  84              		.loc 1 37 5 is_stmt 1 view .LVU21
  85              		.loc 1 37 39 is_stmt 0 view .LVU22
  86 0030 1821     		movs	r1, #24
  87 0032 82F88210 		strb	r1, [r2, #130]
  38:App/App.c     **** // ------------------------ ADC_ADS1251 END ------------------------ //
  39:App/App.c     **** 
  40:App/App.c     **** // -------------------------- ADC_CPU -------------------------- //
  41:App/App.c     ****     App.adc_filter[ADC_CPU].value = 0.0f;
  88              		.loc 1 41 5 is_stmt 1 view .LVU23
  89              		.loc 1 41 35 is_stmt 0 view .LVU24
  90 0036 0021     		movs	r1, #0
  91 0038 C2F88410 		str	r1, [r2, #132]	@ float
  42:App/App.c     ****     App.adc_filter[ADC_CPU].value_last = 0.0f;
  92              		.loc 1 42 5 is_stmt 1 view .LVU25
  93              		.loc 1 42 40 is_stmt 0 view .LVU26
  94 003c C2F88810 		str	r1, [r2, #136]	@ float
  43:App/App.c     ****     App.adc_filter[ADC_CPU].valueRaw = 0.0f;
  95              		.loc 1 43 5 is_stmt 1 view .LVU27
  96              		.loc 1 43 38 is_stmt 0 view .LVU28
  97 0040 C2F88C10 		str	r1, [r2, #140]	@ float
  44:App/App.c     ****     for (uint8_t j = 0; j < PROGRAM_ADC_MAX_FILTER_ORDER; j++)
  98              		.loc 1 44 5 is_stmt 1 view .LVU29
  99              	.LBB3:
 100              		.loc 1 44 10 view .LVU30
 101              	.LVL5:
 102              		.loc 1 44 5 is_stmt 0 view .LVU31
 103 0044 08E0     		b	.L4
 104              	.LVL6:
 105              	.L5:
  45:App/App.c     ****     {
  46:App/App.c     ****       App.adc_filter[ADC_CPU].buf[j] = 0.0f;
 106              		.loc 1 46 7 is_stmt 1 discriminator 3 view .LVU32
 107              		.loc 1 46 38 is_stmt 0 discriminator 3 view .LVU33
 108 0046 03F12201 		add	r1, r3, #34
 109 004a 0A4A     		ldr	r2, .L6
 110 004c 02EB8102 		add	r2, r2, r1, lsl #2
 111 0050 0021     		movs	r1, #0
 112 0052 9160     		str	r1, [r2, #8]	@ float
  44:App/App.c     ****     for (uint8_t j = 0; j < PROGRAM_ADC_MAX_FILTER_ORDER; j++)
 113              		.loc 1 44 60 is_stmt 1 discriminator 3 view .LVU34
 114 0054 0133     		adds	r3, r3, #1
 115              	.LVL7:
  44:App/App.c     ****     for (uint8_t j = 0; j < PROGRAM_ADC_MAX_FILTER_ORDER; j++)
 116              		.loc 1 44 60 is_stmt 0 discriminator 3 view .LVU35
 117 0056 DBB2     		uxtb	r3, r3
 118              	.LVL8:
 119              	.L4:
  44:App/App.c     ****     for (uint8_t j = 0; j < PROGRAM_ADC_MAX_FILTER_ORDER; j++)
 120              		.loc 1 44 27 is_stmt 1 discriminator 1 view .LVU36
ARM GAS  C:\Users\sr1\AppData\Local\Temp\ccQotGgN.s 			page 4


 121 0058 172B     		cmp	r3, #23
 122 005a F4D9     		bls	.L5
 123              	.LBE3:
  47:App/App.c     ****     }
  48:App/App.c     ****     App.adc_filter[ADC_CPU].bufIdx = 0;
 124              		.loc 1 48 5 view .LVU37
 125              		.loc 1 48 36 is_stmt 0 view .LVU38
 126 005c 054B     		ldr	r3, .L6
 127              	.LVL9:
 128              		.loc 1 48 36 view .LVU39
 129 005e 0022     		movs	r2, #0
 130 0060 83F8F020 		strb	r2, [r3, #240]
  49:App/App.c     ****     App.adc_filter[ADC_CPU].filter_N = 250;
 131              		.loc 1 49 5 is_stmt 1 view .LVU40
 132              		.loc 1 49 38 is_stmt 0 view .LVU41
 133 0064 FA22     		movs	r2, #250
 134 0066 83F8F120 		strb	r2, [r3, #241]
  50:App/App.c     ****     App.adc_filter[ADC_CPU].order = 24;
 135              		.loc 1 50 5 is_stmt 1 view .LVU42
 136              		.loc 1 50 35 is_stmt 0 view .LVU43
 137 006a 1822     		movs	r2, #24
 138 006c 83F8F220 		strb	r2, [r3, #242]
  51:App/App.c     **** // ------------------------ ADC_CPU END ------------------------ //
  52:App/App.c     **** 
  53:App/App.c     **** }
 139              		.loc 1 53 1 view .LVU44
 140 0070 7047     		bx	lr
 141              	.L7:
 142 0072 00BF     		.align	2
 143              	.L6:
 144 0074 00000000 		.word	App
 145              		.cfi_endproc
 146              	.LFE331:
 148              		.section	.text.app_init,"ax",%progbits
 149              		.align	1
 150              		.global	app_init
 151              		.syntax unified
 152              		.thumb
 153              		.thumb_func
 155              	app_init:
 156              	.LFB330:
  19:App/App.c     ****   protocolMbRtuSlaveCtrl_init(1);
 157              		.loc 1 19 1 is_stmt 1 view -0
 158              		.cfi_startproc
 159              		@ args = 0, pretend = 0, frame = 0
 160              		@ frame_needed = 0, uses_anonymous_args = 0
 161 0000 08B5     		push	{r3, lr}
 162              	.LCFI0:
 163              		.cfi_def_cfa_offset 8
 164              		.cfi_offset 3, -8
 165              		.cfi_offset 14, -4
  20:App/App.c     ****   app_adc_filter_init();
 166              		.loc 1 20 3 view .LVU46
 167 0002 0120     		movs	r0, #1
 168 0004 FFF7FEFF 		bl	protocolMbRtuSlaveCtrl_init
 169              	.LVL10:
  21:App/App.c     ****   return;
ARM GAS  C:\Users\sr1\AppData\Local\Temp\ccQotGgN.s 			page 5


 170              		.loc 1 21 3 view .LVU47
 171 0008 FFF7FEFF 		bl	app_adc_filter_init
 172              	.LVL11:
  22:App/App.c     **** }
 173              		.loc 1 22 3 view .LVU48
  23:App/App.c     **** 
 174              		.loc 1 23 1 is_stmt 0 view .LVU49
 175 000c 08BD     		pop	{r3, pc}
 176              		.cfi_endproc
 177              	.LFE330:
 179              		.section	.text.app_main,"ax",%progbits
 180              		.align	1
 181              		.global	app_main
 182              		.syntax unified
 183              		.thumb
 184              		.thumb_func
 186              	app_main:
 187              	.LFB329:
   8:App/App.c     ****   bsp_init();
 188              		.loc 1 8 1 is_stmt 1 view -0
 189              		.cfi_startproc
 190              		@ Volatile: function does not return.
 191              		@ args = 0, pretend = 0, frame = 0
 192              		@ frame_needed = 0, uses_anonymous_args = 0
 193 0000 08B5     		push	{r3, lr}
 194              	.LCFI1:
 195              		.cfi_def_cfa_offset 8
 196              		.cfi_offset 3, -8
 197              		.cfi_offset 14, -4
   9:App/App.c     ****   app_init();
 198              		.loc 1 9 3 view .LVU51
 199 0002 FFF7FEFF 		bl	bsp_init
 200              	.LVL12:
  10:App/App.c     **** 
 201              		.loc 1 10 3 view .LVU52
 202 0006 FFF7FEFF 		bl	app_init
 203              	.LVL13:
 204              	.L11:
  12:App/App.c     ****   {
 205              		.loc 1 12 3 discriminator 1 view .LVU53
  14:App/App.c     ****   }
 206              		.loc 1 14 3 discriminator 1 view .LVU54
 207              		.syntax unified
 208              	@ 14 "App/App.c" 1
 209 000a 00BF     		nop
 210              	@ 0 "" 2
  12:App/App.c     ****   {
 211              		.loc 1 12 9 discriminator 1 view .LVU55
 212              		.thumb
 213              		.syntax unified
 214 000c FDE7     		b	.L11
 215              		.cfi_endproc
 216              	.LFE329:
 218              		.section	.text.app_update_reg,"ax",%progbits
 219              		.align	1
 220              		.global	app_update_reg
 221              		.syntax unified
ARM GAS  C:\Users\sr1\AppData\Local\Temp\ccQotGgN.s 			page 6


 222              		.thumb
 223              		.thumb_func
 225              	app_update_reg:
 226              	.LFB333:
  54:App/App.c     **** 
  55:App/App.c     **** void bsp_tim7_1ms_callback()
  56:App/App.c     **** {
  57:App/App.c     ****   app_update_reg();
  58:App/App.c     ****   protocolMbRtuSlaveCtrl_update_tables();
  59:App/App.c     **** }
  60:App/App.c     **** 
  61:App/App.c     **** void app_update_reg()
  62:App/App.c     **** {
 227              		.loc 1 62 1 view -0
 228              		.cfi_startproc
 229              		@ args = 0, pretend = 0, frame = 0
 230              		@ frame_needed = 0, uses_anonymous_args = 0
 231 0000 08B5     		push	{r3, lr}
 232              	.LCFI2:
 233              		.cfi_def_cfa_offset 8
 234              		.cfi_offset 3, -8
 235              		.cfi_offset 14, -4
  63:App/App.c     ****   //LED1
  64:App/App.c     ****   if (BSP_GET_DI(BSP_LED_1) == GPIO_PIN_SET)
 236              		.loc 1 64 3 view .LVU57
 237              		.loc 1 64 7 is_stmt 0 view .LVU58
 238 0002 0221     		movs	r1, #2
 239 0004 5A48     		ldr	r0, .L39
 240 0006 FFF7FEFF 		bl	HAL_GPIO_ReadPin
 241              	.LVL14:
 242              		.loc 1 64 6 view .LVU59
 243 000a 0128     		cmp	r0, #1
 244 000c 7FD0     		beq	.L31
  65:App/App.c     ****   {
  66:App/App.c     ****     BSP_SET_BIT(App.Mdb_data_AO.state_led_rele, LED_1);
  67:App/App.c     ****   }
  68:App/App.c     ****   else
  69:App/App.c     ****   {
  70:App/App.c     ****     BSP_RESET_BIT(App.Mdb_data_AO.state_led_rele, LED_1);
 245              		.loc 1 70 5 is_stmt 1 view .LVU60
 246 000e 594A     		ldr	r2, .L39+4
 247 0010 1388     		ldrh	r3, [r2]
 248 0012 23F00103 		bic	r3, r3, #1
 249 0016 1380     		strh	r3, [r2]	@ movhi
 250              	.L15:
  71:App/App.c     ****   }
  72:App/App.c     **** 
  73:App/App.c     ****   //LED2
  74:App/App.c     ****   if (BSP_GET_DI(BSP_LED_2) == GPIO_PIN_SET)
 251              		.loc 1 74 3 view .LVU61
 252              		.loc 1 74 7 is_stmt 0 view .LVU62
 253 0018 0421     		movs	r1, #4
 254 001a 5548     		ldr	r0, .L39
 255 001c FFF7FEFF 		bl	HAL_GPIO_ReadPin
 256              	.LVL15:
 257              		.loc 1 74 6 view .LVU63
 258 0020 0128     		cmp	r0, #1
ARM GAS  C:\Users\sr1\AppData\Local\Temp\ccQotGgN.s 			page 7


 259 0022 7AD0     		beq	.L32
  75:App/App.c     ****   {
  76:App/App.c     ****     BSP_SET_BIT(App.Mdb_data_AO.state_led_rele, LED_2);
  77:App/App.c     ****   }
  78:App/App.c     ****   else
  79:App/App.c     ****   {
  80:App/App.c     ****     BSP_RESET_BIT(App.Mdb_data_AO.state_led_rele, LED_2);
 260              		.loc 1 80 5 is_stmt 1 view .LVU64
 261 0024 534A     		ldr	r2, .L39+4
 262 0026 1388     		ldrh	r3, [r2]
 263 0028 23F00203 		bic	r3, r3, #2
 264 002c 1380     		strh	r3, [r2]	@ movhi
 265              	.L17:
  81:App/App.c     ****   }
  82:App/App.c     **** 
  83:App/App.c     ****   //LED3
  84:App/App.c     ****   if (BSP_GET_DI(BSP_LED_3) == GPIO_PIN_SET)
 266              		.loc 1 84 3 view .LVU65
 267              		.loc 1 84 7 is_stmt 0 view .LVU66
 268 002e 4FF48061 		mov	r1, #1024
 269 0032 4FF09040 		mov	r0, #1207959552
 270 0036 FFF7FEFF 		bl	HAL_GPIO_ReadPin
 271              	.LVL16:
 272              		.loc 1 84 6 view .LVU67
 273 003a 0128     		cmp	r0, #1
 274 003c 73D0     		beq	.L33
  85:App/App.c     ****   {
  86:App/App.c     ****     BSP_SET_BIT(App.Mdb_data_AO.state_led_rele, LED_3);
  87:App/App.c     ****   }
  88:App/App.c     ****   else
  89:App/App.c     ****   {
  90:App/App.c     ****     BSP_RESET_BIT(App.Mdb_data_AO.state_led_rele, LED_3);
 275              		.loc 1 90 5 is_stmt 1 view .LVU68
 276 003e 4D4A     		ldr	r2, .L39+4
 277 0040 1388     		ldrh	r3, [r2]
 278 0042 23F00403 		bic	r3, r3, #4
 279 0046 1380     		strh	r3, [r2]	@ movhi
 280              	.L19:
  91:App/App.c     ****   }
  92:App/App.c     **** 
  93:App/App.c     ****   //LED4
  94:App/App.c     ****   if (BSP_GET_DI(BSP_LED_4) == GPIO_PIN_SET)
 281              		.loc 1 94 3 view .LVU69
 282              		.loc 1 94 7 is_stmt 0 view .LVU70
 283 0048 4FF40061 		mov	r1, #2048
 284 004c 4FF09040 		mov	r0, #1207959552
 285 0050 FFF7FEFF 		bl	HAL_GPIO_ReadPin
 286              	.LVL17:
 287              		.loc 1 94 6 view .LVU71
 288 0054 0128     		cmp	r0, #1
 289 0056 6CD0     		beq	.L34
  95:App/App.c     ****   {
  96:App/App.c     ****     BSP_SET_BIT(App.Mdb_data_AO.state_led_rele, LED_4);
  97:App/App.c     ****   }
  98:App/App.c     ****   else
  99:App/App.c     ****   {
 100:App/App.c     ****     BSP_RESET_BIT(App.Mdb_data_AO.state_led_rele, LED_4);
ARM GAS  C:\Users\sr1\AppData\Local\Temp\ccQotGgN.s 			page 8


 290              		.loc 1 100 5 is_stmt 1 view .LVU72
 291 0058 464A     		ldr	r2, .L39+4
 292 005a 1388     		ldrh	r3, [r2]
 293 005c 23F00803 		bic	r3, r3, #8
 294 0060 1380     		strh	r3, [r2]	@ movhi
 295              	.L21:
 101:App/App.c     ****   }
 102:App/App.c     **** 
 103:App/App.c     ****   //REL1
 104:App/App.c     ****   if (BSP_GET_DI(BSP_REL_1) == GPIO_PIN_SET)
 296              		.loc 1 104 3 view .LVU73
 297              		.loc 1 104 7 is_stmt 0 view .LVU74
 298 0062 0821     		movs	r1, #8
 299 0064 4FF09040 		mov	r0, #1207959552
 300 0068 FFF7FEFF 		bl	HAL_GPIO_ReadPin
 301              	.LVL18:
 302              		.loc 1 104 6 view .LVU75
 303 006c 0128     		cmp	r0, #1
 304 006e 66D0     		beq	.L35
 105:App/App.c     ****   {
 106:App/App.c     ****     BSP_SET_BIT(App.Mdb_data_AO.state_led_rele, REL_1);
 107:App/App.c     ****   }
 108:App/App.c     ****   else
 109:App/App.c     ****   {
 110:App/App.c     ****     BSP_RESET_BIT(App.Mdb_data_AO.state_led_rele, REL_1);
 305              		.loc 1 110 5 is_stmt 1 view .LVU76
 306 0070 404A     		ldr	r2, .L39+4
 307 0072 1388     		ldrh	r3, [r2]
 308 0074 23F01003 		bic	r3, r3, #16
 309 0078 1380     		strh	r3, [r2]	@ movhi
 310              	.L23:
 111:App/App.c     ****   }
 112:App/App.c     **** 
 113:App/App.c     ****   //REL2
 114:App/App.c     ****   if (BSP_GET_DI(BSP_REL_2) == GPIO_PIN_SET)
 311              		.loc 1 114 3 view .LVU77
 312              		.loc 1 114 7 is_stmt 0 view .LVU78
 313 007a 1021     		movs	r1, #16
 314 007c 4FF09040 		mov	r0, #1207959552
 315 0080 FFF7FEFF 		bl	HAL_GPIO_ReadPin
 316              	.LVL19:
 317              		.loc 1 114 6 view .LVU79
 318 0084 0128     		cmp	r0, #1
 319 0086 60D0     		beq	.L36
 115:App/App.c     ****   {
 116:App/App.c     ****     BSP_SET_BIT(App.Mdb_data_AO.state_led_rele, REL_2);
 117:App/App.c     ****   }
 118:App/App.c     ****   else
 119:App/App.c     ****   {
 120:App/App.c     ****     BSP_RESET_BIT(App.Mdb_data_AO.state_led_rele, REL_2);
 320              		.loc 1 120 5 is_stmt 1 view .LVU80
 321 0088 3A4A     		ldr	r2, .L39+4
 322 008a 1388     		ldrh	r3, [r2]
 323 008c 23F02003 		bic	r3, r3, #32
 324 0090 1380     		strh	r3, [r2]	@ movhi
 325              	.L25:
 121:App/App.c     ****   }
ARM GAS  C:\Users\sr1\AppData\Local\Temp\ccQotGgN.s 			page 9


 122:App/App.c     **** 
 123:App/App.c     ****   //REL3
 124:App/App.c     ****   if (BSP_GET_DI(BSP_REL_3) == GPIO_PIN_SET)
 326              		.loc 1 124 3 view .LVU81
 327              		.loc 1 124 7 is_stmt 0 view .LVU82
 328 0092 2021     		movs	r1, #32
 329 0094 4FF09040 		mov	r0, #1207959552
 330 0098 FFF7FEFF 		bl	HAL_GPIO_ReadPin
 331              	.LVL20:
 332              		.loc 1 124 6 view .LVU83
 333 009c 0128     		cmp	r0, #1
 334 009e 5AD0     		beq	.L37
 125:App/App.c     ****   {
 126:App/App.c     ****     BSP_SET_BIT(App.Mdb_data_AO.state_led_rele, REL_3);
 127:App/App.c     ****   }
 128:App/App.c     ****   else
 129:App/App.c     ****   {
 130:App/App.c     ****     BSP_RESET_BIT(App.Mdb_data_AO.state_led_rele, REL_3);
 335              		.loc 1 130 5 is_stmt 1 view .LVU84
 336 00a0 344A     		ldr	r2, .L39+4
 337 00a2 1388     		ldrh	r3, [r2]
 338 00a4 23F04003 		bic	r3, r3, #64
 339 00a8 1380     		strh	r3, [r2]	@ movhi
 340              	.L27:
 131:App/App.c     ****   }
 132:App/App.c     **** 
 133:App/App.c     ****   //REL4
 134:App/App.c     ****   if (BSP_GET_DI(BSP_REL_4) == GPIO_PIN_SET)
 341              		.loc 1 134 3 view .LVU85
 342              		.loc 1 134 7 is_stmt 0 view .LVU86
 343 00aa 4021     		movs	r1, #64
 344 00ac 4FF09040 		mov	r0, #1207959552
 345 00b0 FFF7FEFF 		bl	HAL_GPIO_ReadPin
 346              	.LVL21:
 347              		.loc 1 134 6 view .LVU87
 348 00b4 0128     		cmp	r0, #1
 349 00b6 54D0     		beq	.L38
 135:App/App.c     ****   {
 136:App/App.c     ****     BSP_SET_BIT(App.Mdb_data_AO.state_led_rele, REL_4);
 137:App/App.c     ****   }
 138:App/App.c     ****   else
 139:App/App.c     ****   {
 140:App/App.c     ****     BSP_RESET_BIT(App.Mdb_data_AO.state_led_rele, REL_4);
 350              		.loc 1 140 5 is_stmt 1 view .LVU88
 351 00b8 2E4A     		ldr	r2, .L39+4
 352 00ba 1388     		ldrh	r3, [r2]
 353 00bc 23F08003 		bic	r3, r3, #128
 354 00c0 1380     		strh	r3, [r2]	@ movhi
 355              	.L29:
 141:App/App.c     ****   }
 142:App/App.c     ****   
 143:App/App.c     ****   App.Mdb_data_AO.spi_buf_0[0] = SPI_DATA_RX[0];
 356              		.loc 1 143 3 view .LVU89
 357              		.loc 1 143 45 is_stmt 0 view .LVU90
 358 00c2 2D4A     		ldr	r2, .L39+8
 359 00c4 1178     		ldrb	r1, [r2]	@ zero_extendqisi2
 360              		.loc 1 143 32 view .LVU91
ARM GAS  C:\Users\sr1\AppData\Local\Temp\ccQotGgN.s 			page 10


 361 00c6 2B4B     		ldr	r3, .L39+4
 362 00c8 9980     		strh	r1, [r3, #4]	@ movhi
 144:App/App.c     ****   App.Mdb_data_AO.spi_buf_0[1] = SPI_DATA_RX[1];
 363              		.loc 1 144 3 is_stmt 1 view .LVU92
 364              		.loc 1 144 45 is_stmt 0 view .LVU93
 365 00ca 5178     		ldrb	r1, [r2, #1]	@ zero_extendqisi2
 366              		.loc 1 144 32 view .LVU94
 367 00cc D980     		strh	r1, [r3, #6]	@ movhi
 145:App/App.c     ****   App.Mdb_data_AO.spi_buf_0[2] = SPI_DATA_RX[2];
 368              		.loc 1 145 3 is_stmt 1 view .LVU95
 369              		.loc 1 145 45 is_stmt 0 view .LVU96
 370 00ce 9278     		ldrb	r2, [r2, #2]	@ zero_extendqisi2
 371              		.loc 1 145 32 view .LVU97
 372 00d0 1A81     		strh	r2, [r3, #8]	@ movhi
 146:App/App.c     **** 
 147:App/App.c     ****   App.Mdb_data_AO.ADC_CPU_data = App.adc_filter[ADC_CPU].value;
 373              		.loc 1 147 3 is_stmt 1 view .LVU98
 374              		.loc 1 147 57 is_stmt 0 view .LVU99
 375 00d2 D3ED217A 		vldr.32	s15, [r3, #132]
 376              		.loc 1 147 32 view .LVU100
 377 00d6 FCEEE77A 		vcvt.u32.f32	s15, s15
 378 00da 17EE902A 		vmov	r2, s15	@ int
 379 00de 5A81     		strh	r2, [r3, #10]	@ movhi
 148:App/App.c     ****   App.Mdb_data_AO.ADC_T_data = App.adc_filter[ADC_T].value;
 380              		.loc 1 148 3 is_stmt 1 view .LVU101
 381              		.loc 1 148 53 is_stmt 0 view .LVU102
 382 00e0 D3ED3D7A 		vldr.32	s15, [r3, #244]
 383              		.loc 1 148 30 view .LVU103
 384 00e4 FCEEE77A 		vcvt.u32.f32	s15, s15
 385 00e8 17EE902A 		vmov	r2, s15	@ int
 386 00ec 9A81     		strh	r2, [r3, #12]	@ movhi
 149:App/App.c     **** 
 150:App/App.c     ****   App.Mdb_data_AO.ADC_ADS1251_data_u16 = App.adc_filter[ADC_ADS1251].value;
 387              		.loc 1 150 3 is_stmt 1 view .LVU104
 388              		.loc 1 150 69 is_stmt 0 view .LVU105
 389 00ee D3ED057A 		vldr.32	s15, [r3, #20]
 390              		.loc 1 150 40 view .LVU106
 391 00f2 BCEEE77A 		vcvt.u32.f32	s14, s15
 392 00f6 17EE102A 		vmov	r2, s14	@ int
 393 00fa DA81     		strh	r2, [r3, #14]	@ movhi
 151:App/App.c     ****   App.Mdb_data_AO.ADC_ADS1251_data_u32 = (uint32_t)(App.adc_filter[ADC_ADS1251].value*10.0f);
 394              		.loc 1 151 3 is_stmt 1 view .LVU107
 395              		.loc 1 151 86 is_stmt 0 view .LVU108
 396 00fc B2EE047A 		vmov.f32	s14, #1.0e+1
 397 0100 67EE877A 		vmul.f32	s15, s15, s14
 398              		.loc 1 151 42 view .LVU109
 399 0104 FCEEE77A 		vcvt.u32.f32	s15, s15
 400              		.loc 1 151 40 view .LVU110
 401 0108 C3ED047A 		vstr.32	s15, [r3, #16]	@ int
 152:App/App.c     **** }
 402              		.loc 1 152 1 view .LVU111
 403 010c 08BD     		pop	{r3, pc}
 404              	.L31:
  66:App/App.c     ****   }
 405              		.loc 1 66 5 is_stmt 1 view .LVU112
 406 010e 194A     		ldr	r2, .L39+4
 407 0110 1388     		ldrh	r3, [r2]
ARM GAS  C:\Users\sr1\AppData\Local\Temp\ccQotGgN.s 			page 11


 408 0112 43F00103 		orr	r3, r3, #1
 409 0116 1380     		strh	r3, [r2]	@ movhi
 410 0118 7EE7     		b	.L15
 411              	.L32:
  76:App/App.c     ****   }
 412              		.loc 1 76 5 view .LVU113
 413 011a 164A     		ldr	r2, .L39+4
 414 011c 1388     		ldrh	r3, [r2]
 415 011e 43F00203 		orr	r3, r3, #2
 416 0122 1380     		strh	r3, [r2]	@ movhi
 417 0124 83E7     		b	.L17
 418              	.L33:
  86:App/App.c     ****   }
 419              		.loc 1 86 5 view .LVU114
 420 0126 134A     		ldr	r2, .L39+4
 421 0128 1388     		ldrh	r3, [r2]
 422 012a 43F00403 		orr	r3, r3, #4
 423 012e 1380     		strh	r3, [r2]	@ movhi
 424 0130 8AE7     		b	.L19
 425              	.L34:
  96:App/App.c     ****   }
 426              		.loc 1 96 5 view .LVU115
 427 0132 104A     		ldr	r2, .L39+4
 428 0134 1388     		ldrh	r3, [r2]
 429 0136 43F00803 		orr	r3, r3, #8
 430 013a 1380     		strh	r3, [r2]	@ movhi
 431 013c 91E7     		b	.L21
 432              	.L35:
 106:App/App.c     ****   }
 433              		.loc 1 106 5 view .LVU116
 434 013e 0D4A     		ldr	r2, .L39+4
 435 0140 1388     		ldrh	r3, [r2]
 436 0142 43F01003 		orr	r3, r3, #16
 437 0146 1380     		strh	r3, [r2]	@ movhi
 438 0148 97E7     		b	.L23
 439              	.L36:
 116:App/App.c     ****   }
 440              		.loc 1 116 5 view .LVU117
 441 014a 0A4A     		ldr	r2, .L39+4
 442 014c 1388     		ldrh	r3, [r2]
 443 014e 43F02003 		orr	r3, r3, #32
 444 0152 1380     		strh	r3, [r2]	@ movhi
 445 0154 9DE7     		b	.L25
 446              	.L37:
 126:App/App.c     ****   }
 447              		.loc 1 126 5 view .LVU118
 448 0156 074A     		ldr	r2, .L39+4
 449 0158 1388     		ldrh	r3, [r2]
 450 015a 43F04003 		orr	r3, r3, #64
 451 015e 1380     		strh	r3, [r2]	@ movhi
 452 0160 A3E7     		b	.L27
 453              	.L38:
 136:App/App.c     ****   }
 454              		.loc 1 136 5 view .LVU119
 455 0162 044A     		ldr	r2, .L39+4
 456 0164 1388     		ldrh	r3, [r2]
 457 0166 43F08003 		orr	r3, r3, #128
ARM GAS  C:\Users\sr1\AppData\Local\Temp\ccQotGgN.s 			page 12


 458 016a 1380     		strh	r3, [r2]	@ movhi
 459 016c A9E7     		b	.L29
 460              	.L40:
 461 016e 00BF     		.align	2
 462              	.L39:
 463 0170 00080048 		.word	1207961600
 464 0174 00000000 		.word	App
 465 0178 00000000 		.word	SPI_DATA_RX
 466              		.cfi_endproc
 467              	.LFE333:
 469              		.section	.text.bsp_tim7_1ms_callback,"ax",%progbits
 470              		.align	1
 471              		.global	bsp_tim7_1ms_callback
 472              		.syntax unified
 473              		.thumb
 474              		.thumb_func
 476              	bsp_tim7_1ms_callback:
 477              	.LFB332:
  56:App/App.c     ****   app_update_reg();
 478              		.loc 1 56 1 view -0
 479              		.cfi_startproc
 480              		@ args = 0, pretend = 0, frame = 0
 481              		@ frame_needed = 0, uses_anonymous_args = 0
 482 0000 08B5     		push	{r3, lr}
 483              	.LCFI3:
 484              		.cfi_def_cfa_offset 8
 485              		.cfi_offset 3, -8
 486              		.cfi_offset 14, -4
  57:App/App.c     ****   protocolMbRtuSlaveCtrl_update_tables();
 487              		.loc 1 57 3 view .LVU121
 488 0002 FFF7FEFF 		bl	app_update_reg
 489              	.LVL22:
  58:App/App.c     **** }
 490              		.loc 1 58 3 view .LVU122
 491 0006 FFF7FEFF 		bl	protocolMbRtuSlaveCtrl_update_tables
 492              	.LVL23:
  59:App/App.c     **** 
 493              		.loc 1 59 1 is_stmt 0 view .LVU123
 494 000a 08BD     		pop	{r3, pc}
 495              		.cfi_endproc
 496              	.LFE332:
 498              		.section	.text.app_adc_data_filter,"ax",%progbits
 499              		.align	1
 500              		.global	app_adc_data_filter
 501              		.syntax unified
 502              		.thumb
 503              		.thumb_func
 505              	app_adc_data_filter:
 506              	.LVL24:
 507              	.LFB335:
 153:App/App.c     **** 
 154:App/App.c     **** void bsp_ADC_data_ready()
 155:App/App.c     **** {
 156:App/App.c     ****   BSP_LED_TOGGLE(BSP_LED_3);
 157:App/App.c     ****   app_adc_data_filter((HAL_ADCEx_InjectedGetValue(&hadc2, ADC_INJECTED_RANK_2)/16), ADC_CPU);
 158:App/App.c     ****   app_adc_data_filter((HAL_ADCEx_InjectedGetValue(&hadc2, ADC_INJECTED_RANK_1)/16), ADC_T);
 159:App/App.c     ****   app_adc_data_filter(bsp_get_data_spi(), ADC_ADS1251);
ARM GAS  C:\Users\sr1\AppData\Local\Temp\ccQotGgN.s 			page 13


 160:App/App.c     **** }
 161:App/App.c     **** 
 162:App/App.c     **** #define ADC_ADS1251_MAX_VAL 8388607.0f
 163:App/App.c     **** #define ADC_ADS1251_REF_VOLT  3.3f
 164:App/App.c     **** #define ADC_CPU_MAX_VAL 4096.0f
 165:App/App.c     **** #define ADC_CPU_REF_VOLT  3.3f
 166:App/App.c     **** void app_adc_data_filter(uint32_t ADC_Buf_raw, ADC_enum adc)
 167:App/App.c     **** {
 508              		.loc 1 167 1 is_stmt 1 view -0
 509              		.cfi_startproc
 510              		@ args = 0, pretend = 0, frame = 8
 511              		@ frame_needed = 0, uses_anonymous_args = 0
 512              		@ link register save eliminated.
 513              		.loc 1 167 1 is_stmt 0 view .LVU125
 514 0000 10B4     		push	{r4}
 515              	.LCFI4:
 516              		.cfi_def_cfa_offset 4
 517              		.cfi_offset 4, -4
 518 0002 83B0     		sub	sp, sp, #12
 519              	.LCFI5:
 520              		.cfi_def_cfa_offset 16
 521 0004 0190     		str	r0, [sp, #4]
 168:App/App.c     ****   float value = 0.0f;
 522              		.loc 1 168 3 is_stmt 1 view .LVU126
 523              	.LVL25:
 169:App/App.c     ****   float valueLast = 0.0f;
 524              		.loc 1 169 3 view .LVU127
 170:App/App.c     ****   float kFilter = 0.0f;
 525              		.loc 1 170 3 view .LVU128
 171:App/App.c     ****   float data = 0.0f;
 526              		.loc 1 171 3 view .LVU129
 172:App/App.c     ****   float sum = 0.0f;
 527              		.loc 1 172 3 view .LVU130
 173:App/App.c     ****   if (adc == ADC_ADS1251)
 528              		.loc 1 173 3 view .LVU131
 529              		.loc 1 173 6 is_stmt 0 view .LVU132
 530 0006 0846     		mov	r0, r1
 531              	.LVL26:
 532              		.loc 1 173 6 view .LVU133
 533 0008 59BB     		cbnz	r1, .L44
 174:App/App.c     ****   {
 175:App/App.c     ****     data = ((float)ADC_Buf_raw / ADC_ADS1251_MAX_VAL * ADC_ADS1251_REF_VOLT * 1000.0f);
 534              		.loc 1 175 5 is_stmt 1 view .LVU134
 535              		.loc 1 175 13 is_stmt 0 view .LVU135
 536 000a DDED017A 		vldr.32	s15, [sp, #4]	@ int
 537 000e F8EE676A 		vcvt.f32.u32	s13, s15
 538              		.loc 1 175 32 view .LVU136
 539 0012 9FED417A 		vldr.32	s14, .L53
 540 0016 C6EE877A 		vdiv.f32	s15, s13, s14
 541              		.loc 1 175 54 view .LVU137
 542 001a 9FED407A 		vldr.32	s14, .L53+4
 543 001e 67EE877A 		vmul.f32	s15, s15, s14
 544              		.loc 1 175 10 view .LVU138
 545 0022 9FED3F7A 		vldr.32	s14, .L53+8
 546 0026 67EE877A 		vmul.f32	s15, s15, s14
 547              	.LVL27:
 548              	.L45:
ARM GAS  C:\Users\sr1\AppData\Local\Temp\ccQotGgN.s 			page 14


 176:App/App.c     ****   }
 177:App/App.c     ****   else if (adc == ADC_CPU)
 178:App/App.c     ****   {
 179:App/App.c     ****     data = ((float)ADC_Buf_raw / ADC_CPU_MAX_VAL * ADC_CPU_REF_VOLT * 1000.0f);
 180:App/App.c     ****   }
 181:App/App.c     **** 
 182:App/App.c     ****   App.adc_filter[adc].buf[App.adc_filter[adc].bufIdx++] = data;
 549              		.loc 1 182 3 is_stmt 1 view .LVU139
 550              		.loc 1 182 46 is_stmt 0 view .LVU140
 551 002a 3E4C     		ldr	r4, .L53+12
 552 002c C0EBC002 		rsb	r2, r0, r0, lsl #3
 553 0030 04EB0212 		add	r2, r4, r2, lsl #4
 554 0034 92F88030 		ldrb	r3, [r2, #128]	@ zero_extendqisi2
 555              		.loc 1 182 53 view .LVU141
 556 0038 591C     		adds	r1, r3, #1
 557              	.LVL28:
 558              		.loc 1 182 53 view .LVU142
 559 003a C9B2     		uxtb	r1, r1
 560 003c 82F88010 		strb	r1, [r2, #128]
 561              		.loc 1 182 57 view .LVU143
 562 0040 C0EBC00C 		rsb	ip, r0, r0, lsl #3
 563 0044 03EB8C03 		add	r3, r3, ip, lsl #2
 564 0048 0633     		adds	r3, r3, #6
 565 004a 04EB8304 		add	r4, r4, r3, lsl #2
 566 004e C4ED027A 		vstr.32	s15, [r4, #8]
 183:App/App.c     **** 
 184:App/App.c     ****   if (App.adc_filter[adc].bufIdx == App.adc_filter[adc].order) 
 567              		.loc 1 184 3 is_stmt 1 view .LVU144
 568              		.loc 1 184 56 is_stmt 0 view .LVU145
 569 0052 92F882C0 		ldrb	ip, [r2, #130]	@ zero_extendqisi2
 570              		.loc 1 184 6 view .LVU146
 571 0056 6145     		cmp	r1, ip
 572 0058 19D0     		beq	.L51
 573              	.L46:
 185:App/App.c     ****   {
 186:App/App.c     ****     App.adc_filter[adc].bufIdx = 0;
 187:App/App.c     ****   }
 188:App/App.c     **** 
 189:App/App.c     ****   for(uint8_t idx = 0; idx < App.adc_filter[adc].order; idx++)
 574              		.loc 1 189 3 is_stmt 1 view .LVU147
 575              	.LBB4:
 576              		.loc 1 189 7 view .LVU148
 577              	.LVL29:
 578              		.loc 1 189 15 is_stmt 0 view .LVU149
 579 005a 0023     		movs	r3, #0
 580              	.LBE4:
 172:App/App.c     ****   if (adc == ADC_ADS1251)
 581              		.loc 1 172 9 view .LVU150
 582 005c DFED327A 		vldr.32	s15, .L53+16
 583              	.LVL30:
 584              	.LBB5:
 585              		.loc 1 189 3 view .LVU151
 586 0060 2CE0     		b	.L47
 587              	.LVL31:
 588              	.L44:
 589              		.loc 1 189 3 view .LVU152
 590              	.LBE5:
ARM GAS  C:\Users\sr1\AppData\Local\Temp\ccQotGgN.s 			page 15


 177:App/App.c     ****   {
 591              		.loc 1 177 8 is_stmt 1 view .LVU153
 177:App/App.c     ****   {
 592              		.loc 1 177 11 is_stmt 0 view .LVU154
 593 0062 0129     		cmp	r1, #1
 594 0064 02D0     		beq	.L52
 171:App/App.c     ****   float sum = 0.0f;
 595              		.loc 1 171 9 view .LVU155
 596 0066 DFED307A 		vldr.32	s15, .L53+16
 597 006a DEE7     		b	.L45
 598              	.L52:
 179:App/App.c     ****   }
 599              		.loc 1 179 5 is_stmt 1 view .LVU156
 179:App/App.c     ****   }
 600              		.loc 1 179 13 is_stmt 0 view .LVU157
 601 006c DDED017A 		vldr.32	s15, [sp, #4]	@ int
 602 0070 F8EE677A 		vcvt.f32.u32	s15, s15
 179:App/App.c     ****   }
 603              		.loc 1 179 32 view .LVU158
 604 0074 9FED2D7A 		vldr.32	s14, .L53+20
 605 0078 67EE877A 		vmul.f32	s15, s15, s14
 179:App/App.c     ****   }
 606              		.loc 1 179 50 view .LVU159
 607 007c 9FED277A 		vldr.32	s14, .L53+4
 608 0080 67EE877A 		vmul.f32	s15, s15, s14
 179:App/App.c     ****   }
 609              		.loc 1 179 10 view .LVU160
 610 0084 9FED267A 		vldr.32	s14, .L53+8
 611 0088 67EE877A 		vmul.f32	s15, s15, s14
 612              	.LVL32:
 179:App/App.c     ****   }
 613              		.loc 1 179 10 view .LVU161
 614 008c CDE7     		b	.L45
 615              	.LVL33:
 616              	.L51:
 186:App/App.c     ****   }
 617              		.loc 1 186 5 is_stmt 1 view .LVU162
 186:App/App.c     ****   }
 618              		.loc 1 186 32 is_stmt 0 view .LVU163
 619 008e C0EBC002 		rsb	r2, r0, r0, lsl #3
 620 0092 244B     		ldr	r3, .L53+12
 621 0094 03EB0213 		add	r3, r3, r2, lsl #4
 622 0098 0022     		movs	r2, #0
 623 009a 83F88020 		strb	r2, [r3, #128]
 624 009e DCE7     		b	.L46
 625              	.LVL34:
 626              	.L48:
 627              	.LBB6:
 190:App/App.c     ****   {
 191:App/App.c     ****     sum += App.adc_filter[adc].buf[idx];
 628              		.loc 1 191 5 is_stmt 1 discriminator 3 view .LVU164
 629              		.loc 1 191 35 is_stmt 0 discriminator 3 view .LVU165
 630 00a0 C0EBC002 		rsb	r2, r0, r0, lsl #3
 631 00a4 03EB8202 		add	r2, r3, r2, lsl #2
 632 00a8 0632     		adds	r2, r2, #6
 633 00aa 1E49     		ldr	r1, .L53+12
 634 00ac 01EB8202 		add	r2, r1, r2, lsl #2
ARM GAS  C:\Users\sr1\AppData\Local\Temp\ccQotGgN.s 			page 16


 635 00b0 92ED027A 		vldr.32	s14, [r2, #8]
 636              		.loc 1 191 9 discriminator 3 view .LVU166
 637 00b4 77EE877A 		vadd.f32	s15, s15, s14
 638              	.LVL35:
 189:App/App.c     ****   {
 639              		.loc 1 189 60 is_stmt 1 discriminator 3 view .LVU167
 640 00b8 0133     		adds	r3, r3, #1
 641              	.LVL36:
 189:App/App.c     ****   {
 642              		.loc 1 189 60 is_stmt 0 discriminator 3 view .LVU168
 643 00ba DBB2     		uxtb	r3, r3
 644              	.LVL37:
 645              	.L47:
 189:App/App.c     ****   {
 646              		.loc 1 189 28 is_stmt 1 discriminator 1 view .LVU169
 647 00bc 9C45     		cmp	ip, r3
 648 00be EFD8     		bhi	.L48
 649              	.LBE6:
 192:App/App.c     ****   }
 193:App/App.c     **** 
 194:App/App.c     ****   App.adc_filter[adc].valueRaw = sum / App.adc_filter[adc].order;
 650              		.loc 1 194 3 view .LVU170
 651              		.loc 1 194 38 is_stmt 0 view .LVU171
 652 00c0 07EE10CA 		vmov	s14, ip	@ int
 653 00c4 B8EEC77A 		vcvt.f32.s32	s14, s14
 654 00c8 C7EE876A 		vdiv.f32	s13, s15, s14
 655              		.loc 1 194 32 view .LVU172
 656 00cc 154A     		ldr	r2, .L53+12
 657 00ce C0EBC003 		rsb	r3, r0, r0, lsl #3
 658              	.LVL38:
 659              		.loc 1 194 32 view .LVU173
 660 00d2 02EB0313 		add	r3, r2, r3, lsl #4
 661 00d6 C3ED076A 		vstr.32	s13, [r3, #28]
 195:App/App.c     ****   
 196:App/App.c     ****   //--------------------//
 197:App/App.c     ****   value = App.adc_filter[adc].valueRaw;
 662              		.loc 1 197 3 is_stmt 1 view .LVU174
 663              	.LVL39:
 198:App/App.c     ****   valueLast = App.adc_filter[adc].value_last;
 664              		.loc 1 198 3 view .LVU175
 665              		.loc 1 198 13 is_stmt 0 view .LVU176
 666 00da 93ED067A 		vldr.32	s14, [r3, #24]
 667              	.LVL40:
 199:App/App.c     ****   kFilter = 2.0f / ((float)App.adc_filter[adc].filter_N + 1.0f);
 668              		.loc 1 199 3 is_stmt 1 view .LVU177
 669              		.loc 1 199 47 is_stmt 0 view .LVU178
 670 00de 93F88110 		ldrb	r1, [r3, #129]	@ zero_extendqisi2
 671 00e2 07EE901A 		vmov	s15, r1	@ int
 672              	.LVL41:
 673              		.loc 1 199 21 view .LVU179
 674 00e6 F8EE677A 		vcvt.f32.u32	s15, s15
 675              		.loc 1 199 57 view .LVU180
 676 00ea B7EE006A 		vmov.f32	s12, #1.0e+0
 677 00ee 77EE867A 		vadd.f32	s15, s15, s12
 678              		.loc 1 199 11 view .LVU181
 679 00f2 F0EE005A 		vmov.f32	s11, #2.0e+0
 680 00f6 85EEA76A 		vdiv.f32	s12, s11, s15
ARM GAS  C:\Users\sr1\AppData\Local\Temp\ccQotGgN.s 			page 17


 681              	.LVL42:
 200:App/App.c     ****   value = valueLast + kFilter*(value - valueLast);
 682              		.loc 1 200 3 is_stmt 1 view .LVU182
 683              		.loc 1 200 38 is_stmt 0 view .LVU183
 684 00fa 76EEC77A 		vsub.f32	s15, s13, s14
 685              		.loc 1 200 30 view .LVU184
 686 00fe 67EE867A 		vmul.f32	s15, s15, s12
 687              		.loc 1 200 9 view .LVU185
 688 0102 77EE877A 		vadd.f32	s15, s15, s14
 689              	.LVL43:
 201:App/App.c     ****   App.adc_filter[adc].value = value;
 690              		.loc 1 201 3 is_stmt 1 view .LVU186
 691              		.loc 1 201 29 is_stmt 0 view .LVU187
 692 0106 C3ED057A 		vstr.32	s15, [r3, #20]
 202:App/App.c     ****   App.adc_filter[adc].value_last = value;
 693              		.loc 1 202 3 is_stmt 1 view .LVU188
 694              		.loc 1 202 34 is_stmt 0 view .LVU189
 695 010a C3ED067A 		vstr.32	s15, [r3, #24]
 203:App/App.c     **** }
 696              		.loc 1 203 1 view .LVU190
 697 010e 03B0     		add	sp, sp, #12
 698              	.LCFI6:
 699              		.cfi_def_cfa_offset 4
 700              		@ sp needed
 701 0110 5DF8044B 		ldr	r4, [sp], #4
 702              	.LCFI7:
 703              		.cfi_restore 4
 704              		.cfi_def_cfa_offset 0
 705              	.LVL44:
 706              		.loc 1 203 1 view .LVU191
 707 0114 7047     		bx	lr
 708              	.L54:
 709 0116 00BF     		.align	2
 710              	.L53:
 711 0118 FEFFFF4A 		.word	1258291198
 712 011c 33335340 		.word	1079194419
 713 0120 00007A44 		.word	1148846080
 714 0124 00000000 		.word	App
 715 0128 00000000 		.word	0
 716 012c 00008039 		.word	964689920
 717              		.cfi_endproc
 718              	.LFE335:
 720              		.section	.text.bsp_ADC_data_ready,"ax",%progbits
 721              		.align	1
 722              		.global	bsp_ADC_data_ready
 723              		.syntax unified
 724              		.thumb
 725              		.thumb_func
 727              	bsp_ADC_data_ready:
 728              	.LFB334:
 155:App/App.c     ****   BSP_LED_TOGGLE(BSP_LED_3);
 729              		.loc 1 155 1 is_stmt 1 view -0
 730              		.cfi_startproc
 731              		@ args = 0, pretend = 0, frame = 0
 732              		@ frame_needed = 0, uses_anonymous_args = 0
 733 0000 10B5     		push	{r4, lr}
 734              	.LCFI8:
ARM GAS  C:\Users\sr1\AppData\Local\Temp\ccQotGgN.s 			page 18


 735              		.cfi_def_cfa_offset 8
 736              		.cfi_offset 4, -8
 737              		.cfi_offset 14, -4
 156:App/App.c     ****   app_adc_data_filter((HAL_ADCEx_InjectedGetValue(&hadc2, ADC_INJECTED_RANK_2)/16), ADC_CPU);
 738              		.loc 1 156 3 view .LVU193
 739 0002 4FF48061 		mov	r1, #1024
 740 0006 4FF09040 		mov	r0, #1207959552
 741 000a FFF7FEFF 		bl	HAL_GPIO_TogglePin
 742              	.LVL45:
 157:App/App.c     ****   app_adc_data_filter((HAL_ADCEx_InjectedGetValue(&hadc2, ADC_INJECTED_RANK_1)/16), ADC_T);
 743              		.loc 1 157 3 view .LVU194
 157:App/App.c     ****   app_adc_data_filter((HAL_ADCEx_InjectedGetValue(&hadc2, ADC_INJECTED_RANK_1)/16), ADC_T);
 744              		.loc 1 157 24 is_stmt 0 view .LVU195
 745 000e 0C4C     		ldr	r4, .L57
 746 0010 40F20F11 		movw	r1, #271
 747 0014 2046     		mov	r0, r4
 748 0016 FFF7FEFF 		bl	HAL_ADCEx_InjectedGetValue
 749              	.LVL46:
 157:App/App.c     ****   app_adc_data_filter((HAL_ADCEx_InjectedGetValue(&hadc2, ADC_INJECTED_RANK_1)/16), ADC_T);
 750              		.loc 1 157 3 view .LVU196
 751 001a 0121     		movs	r1, #1
 752 001c 0009     		lsrs	r0, r0, #4
 753 001e FFF7FEFF 		bl	app_adc_data_filter
 754              	.LVL47:
 158:App/App.c     ****   app_adc_data_filter(bsp_get_data_spi(), ADC_ADS1251);
 755              		.loc 1 158 3 is_stmt 1 view .LVU197
 158:App/App.c     ****   app_adc_data_filter(bsp_get_data_spi(), ADC_ADS1251);
 756              		.loc 1 158 24 is_stmt 0 view .LVU198
 757 0022 0921     		movs	r1, #9
 758 0024 2046     		mov	r0, r4
 759 0026 FFF7FEFF 		bl	HAL_ADCEx_InjectedGetValue
 760              	.LVL48:
 158:App/App.c     ****   app_adc_data_filter(bsp_get_data_spi(), ADC_ADS1251);
 761              		.loc 1 158 3 view .LVU199
 762 002a 0221     		movs	r1, #2
 763 002c 0009     		lsrs	r0, r0, #4
 764 002e FFF7FEFF 		bl	app_adc_data_filter
 765              	.LVL49:
 159:App/App.c     **** }
 766              		.loc 1 159 3 is_stmt 1 view .LVU200
 767 0032 FFF7FEFF 		bl	bsp_get_data_spi
 768              	.LVL50:
 769 0036 0021     		movs	r1, #0
 770 0038 FFF7FEFF 		bl	app_adc_data_filter
 771              	.LVL51:
 160:App/App.c     **** 
 772              		.loc 1 160 1 is_stmt 0 view .LVU201
 773 003c 10BD     		pop	{r4, pc}
 774              	.L58:
 775 003e 00BF     		.align	2
 776              	.L57:
 777 0040 00000000 		.word	hadc2
 778              		.cfi_endproc
 779              	.LFE334:
 781              		.section	.text.app_control_led_rele,"ax",%progbits
 782              		.align	1
 783              		.global	app_control_led_rele
ARM GAS  C:\Users\sr1\AppData\Local\Temp\ccQotGgN.s 			page 19


 784              		.syntax unified
 785              		.thumb
 786              		.thumb_func
 788              	app_control_led_rele:
 789              	.LVL52:
 790              	.LFB336:
 204:App/App.c     **** 
 205:App/App.c     **** void app_control_led_rele(uint16_t control_led_rele)
 206:App/App.c     **** {
 791              		.loc 1 206 1 is_stmt 1 view -0
 792              		.cfi_startproc
 793              		@ args = 0, pretend = 0, frame = 0
 794              		@ frame_needed = 0, uses_anonymous_args = 0
 795              		.loc 1 206 1 is_stmt 0 view .LVU203
 796 0000 08B5     		push	{r3, lr}
 797              	.LCFI9:
 798              		.cfi_def_cfa_offset 8
 799              		.cfi_offset 3, -8
 800              		.cfi_offset 14, -4
 207:App/App.c     ****     // LED1
 208:App/App.c     ****     if(BSP_GET_BIT(App.Mdb_data_AO.control_led_rele, LED_1))
 801              		.loc 1 208 5 is_stmt 1 view .LVU204
 802              		.loc 1 208 8 is_stmt 0 view .LVU205
 803 0002 484B     		ldr	r3, .L77
 804 0004 5B88     		ldrh	r3, [r3, #2]
 805              		.loc 1 208 7 view .LVU206
 806 0006 13F0010F 		tst	r3, #1
 807 000a 53D0     		beq	.L60
 209:App/App.c     ****     {
 210:App/App.c     ****       BSP_LED_ON(BSP_LED_1);
 808              		.loc 1 210 7 is_stmt 1 view .LVU207
 809 000c 0122     		movs	r2, #1
 810 000e 0221     		movs	r1, #2
 811 0010 4548     		ldr	r0, .L77+4
 812              	.LVL53:
 813              		.loc 1 210 7 is_stmt 0 view .LVU208
 814 0012 FFF7FEFF 		bl	HAL_GPIO_WritePin
 815              	.LVL54:
 816              	.L61:
 211:App/App.c     ****     }
 212:App/App.c     ****     else
 213:App/App.c     ****     {
 214:App/App.c     ****       BSP_LED_OFF(BSP_LED_1);
 215:App/App.c     ****     }
 216:App/App.c     **** 
 217:App/App.c     ****     // LED2
 218:App/App.c     ****     if(BSP_GET_BIT(App.Mdb_data_AO.control_led_rele, LED_2))
 817              		.loc 1 218 5 is_stmt 1 view .LVU209
 818              		.loc 1 218 8 is_stmt 0 view .LVU210
 819 0016 434B     		ldr	r3, .L77
 820 0018 5B88     		ldrh	r3, [r3, #2]
 821              		.loc 1 218 7 view .LVU211
 822 001a 13F0020F 		tst	r3, #2
 823 001e 4FD0     		beq	.L62
 219:App/App.c     ****     {
 220:App/App.c     ****       BSP_LED_ON(BSP_LED_2);
 824              		.loc 1 220 7 is_stmt 1 view .LVU212
ARM GAS  C:\Users\sr1\AppData\Local\Temp\ccQotGgN.s 			page 20


 825 0020 0122     		movs	r2, #1
 826 0022 0421     		movs	r1, #4
 827 0024 4048     		ldr	r0, .L77+4
 828 0026 FFF7FEFF 		bl	HAL_GPIO_WritePin
 829              	.LVL55:
 830              	.L63:
 221:App/App.c     ****     }
 222:App/App.c     ****     else
 223:App/App.c     ****     {
 224:App/App.c     ****       BSP_LED_OFF(BSP_LED_2);
 225:App/App.c     ****     }
 226:App/App.c     **** 
 227:App/App.c     ****     // LED3
 228:App/App.c     ****     if(BSP_GET_BIT(App.Mdb_data_AO.control_led_rele, LED_3))
 831              		.loc 1 228 5 view .LVU213
 832              		.loc 1 228 8 is_stmt 0 view .LVU214
 833 002a 3E4B     		ldr	r3, .L77
 834 002c 5B88     		ldrh	r3, [r3, #2]
 835              		.loc 1 228 7 view .LVU215
 836 002e 13F0040F 		tst	r3, #4
 837 0032 4BD0     		beq	.L64
 229:App/App.c     ****     {
 230:App/App.c     ****       BSP_LED_ON(BSP_LED_3);
 838              		.loc 1 230 7 is_stmt 1 view .LVU216
 839 0034 0122     		movs	r2, #1
 840 0036 4FF48061 		mov	r1, #1024
 841 003a 4FF09040 		mov	r0, #1207959552
 842 003e FFF7FEFF 		bl	HAL_GPIO_WritePin
 843              	.LVL56:
 844              	.L65:
 231:App/App.c     ****     }
 232:App/App.c     ****     else
 233:App/App.c     ****     {
 234:App/App.c     ****       BSP_LED_OFF(BSP_LED_3);
 235:App/App.c     ****     }
 236:App/App.c     **** 
 237:App/App.c     ****     // LED4
 238:App/App.c     ****     if(BSP_GET_BIT(App.Mdb_data_AO.control_led_rele, LED_4))
 845              		.loc 1 238 5 view .LVU217
 846              		.loc 1 238 8 is_stmt 0 view .LVU218
 847 0042 384B     		ldr	r3, .L77
 848 0044 5B88     		ldrh	r3, [r3, #2]
 849              		.loc 1 238 7 view .LVU219
 850 0046 13F0080F 		tst	r3, #8
 851 004a 47D0     		beq	.L66
 239:App/App.c     ****     {
 240:App/App.c     ****       BSP_LED_ON(BSP_LED_4);
 852              		.loc 1 240 7 is_stmt 1 view .LVU220
 853 004c 0122     		movs	r2, #1
 854 004e 4FF40061 		mov	r1, #2048
 855 0052 4FF09040 		mov	r0, #1207959552
 856 0056 FFF7FEFF 		bl	HAL_GPIO_WritePin
 857              	.LVL57:
 858              	.L67:
 241:App/App.c     ****     }
 242:App/App.c     ****     else
 243:App/App.c     ****     {
ARM GAS  C:\Users\sr1\AppData\Local\Temp\ccQotGgN.s 			page 21


 244:App/App.c     ****       BSP_LED_OFF(BSP_LED_4);
 245:App/App.c     ****     }
 246:App/App.c     **** 
 247:App/App.c     ****     // REL_1
 248:App/App.c     ****     if(BSP_GET_BIT(App.Mdb_data_AO.control_led_rele, REL_1))
 859              		.loc 1 248 5 view .LVU221
 860              		.loc 1 248 8 is_stmt 0 view .LVU222
 861 005a 324B     		ldr	r3, .L77
 862 005c 5B88     		ldrh	r3, [r3, #2]
 863              		.loc 1 248 7 view .LVU223
 864 005e 13F0100F 		tst	r3, #16
 865 0062 43D0     		beq	.L68
 249:App/App.c     ****     {
 250:App/App.c     ****       BSP_REL_ON(BSP_REL_1);
 866              		.loc 1 250 7 is_stmt 1 view .LVU224
 867 0064 0122     		movs	r2, #1
 868 0066 0821     		movs	r1, #8
 869 0068 4FF09040 		mov	r0, #1207959552
 870 006c FFF7FEFF 		bl	HAL_GPIO_WritePin
 871              	.LVL58:
 872              	.L69:
 251:App/App.c     ****     }
 252:App/App.c     ****     else
 253:App/App.c     ****     {
 254:App/App.c     ****       BSP_REL_OFF(BSP_REL_1);
 255:App/App.c     ****     }
 256:App/App.c     **** 
 257:App/App.c     ****     // REL_2
 258:App/App.c     ****     if(BSP_GET_BIT(App.Mdb_data_AO.control_led_rele, REL_2))
 873              		.loc 1 258 5 view .LVU225
 874              		.loc 1 258 8 is_stmt 0 view .LVU226
 875 0070 2C4B     		ldr	r3, .L77
 876 0072 5B88     		ldrh	r3, [r3, #2]
 877              		.loc 1 258 7 view .LVU227
 878 0074 13F0200F 		tst	r3, #32
 879 0078 3FD0     		beq	.L70
 259:App/App.c     ****     {
 260:App/App.c     ****       BSP_REL_ON(BSP_REL_2);
 880              		.loc 1 260 7 is_stmt 1 view .LVU228
 881 007a 0122     		movs	r2, #1
 882 007c 1021     		movs	r1, #16
 883 007e 4FF09040 		mov	r0, #1207959552
 884 0082 FFF7FEFF 		bl	HAL_GPIO_WritePin
 885              	.LVL59:
 886              	.L71:
 261:App/App.c     ****     }
 262:App/App.c     ****     else
 263:App/App.c     ****     {
 264:App/App.c     ****       BSP_REL_OFF(BSP_REL_2);
 265:App/App.c     ****     }
 266:App/App.c     **** 
 267:App/App.c     ****     // REL_3
 268:App/App.c     ****     if(BSP_GET_BIT(App.Mdb_data_AO.control_led_rele, REL_3))
 887              		.loc 1 268 5 view .LVU229
 888              		.loc 1 268 8 is_stmt 0 view .LVU230
 889 0086 274B     		ldr	r3, .L77
 890 0088 5B88     		ldrh	r3, [r3, #2]
ARM GAS  C:\Users\sr1\AppData\Local\Temp\ccQotGgN.s 			page 22


 891              		.loc 1 268 7 view .LVU231
 892 008a 13F0400F 		tst	r3, #64
 893 008e 3BD0     		beq	.L72
 269:App/App.c     ****     {
 270:App/App.c     ****       BSP_REL_ON(BSP_REL_3);
 894              		.loc 1 270 7 is_stmt 1 view .LVU232
 895 0090 0122     		movs	r2, #1
 896 0092 2021     		movs	r1, #32
 897 0094 4FF09040 		mov	r0, #1207959552
 898 0098 FFF7FEFF 		bl	HAL_GPIO_WritePin
 899              	.LVL60:
 900              	.L73:
 271:App/App.c     ****     }
 272:App/App.c     ****     else
 273:App/App.c     ****     {
 274:App/App.c     ****       BSP_REL_OFF(BSP_REL_3);
 275:App/App.c     ****     }
 276:App/App.c     **** 
 277:App/App.c     ****     // REL_4
 278:App/App.c     ****     if(BSP_GET_BIT(App.Mdb_data_AO.control_led_rele, REL_3))
 901              		.loc 1 278 5 view .LVU233
 902              		.loc 1 278 8 is_stmt 0 view .LVU234
 903 009c 214B     		ldr	r3, .L77
 904 009e 5B88     		ldrh	r3, [r3, #2]
 905              		.loc 1 278 7 view .LVU235
 906 00a0 13F0400F 		tst	r3, #64
 907 00a4 37D0     		beq	.L74
 279:App/App.c     ****     {
 280:App/App.c     ****       BSP_REL_ON(BSP_REL_4);
 908              		.loc 1 280 7 is_stmt 1 view .LVU236
 909 00a6 0122     		movs	r2, #1
 910 00a8 4021     		movs	r1, #64
 911 00aa 4FF09040 		mov	r0, #1207959552
 912 00ae FFF7FEFF 		bl	HAL_GPIO_WritePin
 913              	.LVL61:
 914              	.L59:
 281:App/App.c     ****     }
 282:App/App.c     ****     else
 283:App/App.c     ****     {
 284:App/App.c     ****       BSP_REL_OFF(BSP_REL_4);
 285:App/App.c     ****     }
 286:App/App.c     **** }
 915              		.loc 1 286 1 is_stmt 0 view .LVU237
 916 00b2 08BD     		pop	{r3, pc}
 917              	.LVL62:
 918              	.L60:
 214:App/App.c     ****     }
 919              		.loc 1 214 7 is_stmt 1 view .LVU238
 920 00b4 0022     		movs	r2, #0
 921 00b6 0221     		movs	r1, #2
 922 00b8 1B48     		ldr	r0, .L77+4
 923              	.LVL63:
 214:App/App.c     ****     }
 924              		.loc 1 214 7 is_stmt 0 view .LVU239
 925 00ba FFF7FEFF 		bl	HAL_GPIO_WritePin
 926              	.LVL64:
 927 00be AAE7     		b	.L61
ARM GAS  C:\Users\sr1\AppData\Local\Temp\ccQotGgN.s 			page 23


 928              	.L62:
 224:App/App.c     ****     }
 929              		.loc 1 224 7 is_stmt 1 view .LVU240
 930 00c0 0022     		movs	r2, #0
 931 00c2 0421     		movs	r1, #4
 932 00c4 1848     		ldr	r0, .L77+4
 933 00c6 FFF7FEFF 		bl	HAL_GPIO_WritePin
 934              	.LVL65:
 935 00ca AEE7     		b	.L63
 936              	.L64:
 234:App/App.c     ****     }
 937              		.loc 1 234 7 view .LVU241
 938 00cc 0022     		movs	r2, #0
 939 00ce 4FF48061 		mov	r1, #1024
 940 00d2 4FF09040 		mov	r0, #1207959552
 941 00d6 FFF7FEFF 		bl	HAL_GPIO_WritePin
 942              	.LVL66:
 943 00da B2E7     		b	.L65
 944              	.L66:
 244:App/App.c     ****     }
 945              		.loc 1 244 7 view .LVU242
 946 00dc 0022     		movs	r2, #0
 947 00de 4FF40061 		mov	r1, #2048
 948 00e2 4FF09040 		mov	r0, #1207959552
 949 00e6 FFF7FEFF 		bl	HAL_GPIO_WritePin
 950              	.LVL67:
 951 00ea B6E7     		b	.L67
 952              	.L68:
 254:App/App.c     ****     }
 953              		.loc 1 254 7 view .LVU243
 954 00ec 0022     		movs	r2, #0
 955 00ee 0821     		movs	r1, #8
 956 00f0 4FF09040 		mov	r0, #1207959552
 957 00f4 FFF7FEFF 		bl	HAL_GPIO_WritePin
 958              	.LVL68:
 959 00f8 BAE7     		b	.L69
 960              	.L70:
 264:App/App.c     ****     }
 961              		.loc 1 264 7 view .LVU244
 962 00fa 0022     		movs	r2, #0
 963 00fc 1021     		movs	r1, #16
 964 00fe 4FF09040 		mov	r0, #1207959552
 965 0102 FFF7FEFF 		bl	HAL_GPIO_WritePin
 966              	.LVL69:
 967 0106 BEE7     		b	.L71
 968              	.L72:
 274:App/App.c     ****     }
 969              		.loc 1 274 7 view .LVU245
 970 0108 0022     		movs	r2, #0
 971 010a 2021     		movs	r1, #32
 972 010c 4FF09040 		mov	r0, #1207959552
 973 0110 FFF7FEFF 		bl	HAL_GPIO_WritePin
 974              	.LVL70:
 975 0114 C2E7     		b	.L73
 976              	.L74:
 284:App/App.c     ****     }
 977              		.loc 1 284 7 view .LVU246
ARM GAS  C:\Users\sr1\AppData\Local\Temp\ccQotGgN.s 			page 24


 978 0116 0022     		movs	r2, #0
 979 0118 4021     		movs	r1, #64
 980 011a 4FF09040 		mov	r0, #1207959552
 981 011e FFF7FEFF 		bl	HAL_GPIO_WritePin
 982              	.LVL71:
 983              		.loc 1 286 1 is_stmt 0 view .LVU247
 984 0122 C6E7     		b	.L59
 985              	.L78:
 986              		.align	2
 987              	.L77:
 988 0124 00000000 		.word	App
 989 0128 00080048 		.word	1207961600
 990              		.cfi_endproc
 991              	.LFE336:
 993              		.global	App
 994              		.section	.bss.App,"aw",%nobits
 995              		.align	2
 998              	App:
 999 0000 00000000 		.space	356
 999      00000000 
 999      00000000 
 999      00000000 
 999      00000000 
 1000              		.text
 1001              	.Letext0:
 1002              		.file 2 "c:\\program files\\vscodestmtools\\arm-none-eabi-gcc\\12.2.1-1.2.1\\.content\\arm-none-ea
 1003              		.file 3 "c:\\program files\\vscodestmtools\\arm-none-eabi-gcc\\12.2.1-1.2.1\\.content\\arm-none-ea
 1004              		.file 4 "Drivers/CMSIS/Device/ST/STM32G4xx/Include/stm32g474xx.h"
 1005              		.file 5 "Drivers/CMSIS/Device/ST/STM32G4xx/Include/stm32g4xx.h"
 1006              		.file 6 "Drivers/STM32G4xx_HAL_Driver/Inc/stm32g4xx_hal_def.h"
 1007              		.file 7 "Drivers/STM32G4xx_HAL_Driver/Inc/stm32g4xx_hal_gpio.h"
 1008              		.file 8 "Drivers/STM32G4xx_HAL_Driver/Inc/stm32g4xx_hal_dma.h"
 1009              		.file 9 "Drivers/STM32G4xx_HAL_Driver/Inc/stm32g4xx_hal_adc.h"
 1010              		.file 10 "App/App.h"
 1011              		.file 11 "BSP/BSP.h"
 1012              		.file 12 "Core/Inc/adc.h"
 1013              		.file 13 "Drivers/STM32G4xx_HAL_Driver/Inc/stm32g4xx_hal_adc_ex.h"
 1014              		.file 14 "App/ProtocolMbRtuSlaveCtrl.h"
ARM GAS  C:\Users\sr1\AppData\Local\Temp\ccQotGgN.s 			page 25


DEFINED SYMBOLS
                            *ABS*:0000000000000000 App.c
C:\Users\sr1\AppData\Local\Temp\ccQotGgN.s:21     .text.app_adc_filter_init:0000000000000000 $t
C:\Users\sr1\AppData\Local\Temp\ccQotGgN.s:27     .text.app_adc_filter_init:0000000000000000 app_adc_filter_init
C:\Users\sr1\AppData\Local\Temp\ccQotGgN.s:144    .text.app_adc_filter_init:0000000000000074 $d
C:\Users\sr1\AppData\Local\Temp\ccQotGgN.s:998    .bss.App:0000000000000000 App
C:\Users\sr1\AppData\Local\Temp\ccQotGgN.s:149    .text.app_init:0000000000000000 $t
C:\Users\sr1\AppData\Local\Temp\ccQotGgN.s:155    .text.app_init:0000000000000000 app_init
C:\Users\sr1\AppData\Local\Temp\ccQotGgN.s:180    .text.app_main:0000000000000000 $t
C:\Users\sr1\AppData\Local\Temp\ccQotGgN.s:186    .text.app_main:0000000000000000 app_main
C:\Users\sr1\AppData\Local\Temp\ccQotGgN.s:219    .text.app_update_reg:0000000000000000 $t
C:\Users\sr1\AppData\Local\Temp\ccQotGgN.s:225    .text.app_update_reg:0000000000000000 app_update_reg
C:\Users\sr1\AppData\Local\Temp\ccQotGgN.s:463    .text.app_update_reg:0000000000000170 $d
C:\Users\sr1\AppData\Local\Temp\ccQotGgN.s:470    .text.bsp_tim7_1ms_callback:0000000000000000 $t
C:\Users\sr1\AppData\Local\Temp\ccQotGgN.s:476    .text.bsp_tim7_1ms_callback:0000000000000000 bsp_tim7_1ms_callback
C:\Users\sr1\AppData\Local\Temp\ccQotGgN.s:499    .text.app_adc_data_filter:0000000000000000 $t
C:\Users\sr1\AppData\Local\Temp\ccQotGgN.s:505    .text.app_adc_data_filter:0000000000000000 app_adc_data_filter
C:\Users\sr1\AppData\Local\Temp\ccQotGgN.s:711    .text.app_adc_data_filter:0000000000000118 $d
C:\Users\sr1\AppData\Local\Temp\ccQotGgN.s:721    .text.bsp_ADC_data_ready:0000000000000000 $t
C:\Users\sr1\AppData\Local\Temp\ccQotGgN.s:727    .text.bsp_ADC_data_ready:0000000000000000 bsp_ADC_data_ready
C:\Users\sr1\AppData\Local\Temp\ccQotGgN.s:777    .text.bsp_ADC_data_ready:0000000000000040 $d
C:\Users\sr1\AppData\Local\Temp\ccQotGgN.s:782    .text.app_control_led_rele:0000000000000000 $t
C:\Users\sr1\AppData\Local\Temp\ccQotGgN.s:788    .text.app_control_led_rele:0000000000000000 app_control_led_rele
C:\Users\sr1\AppData\Local\Temp\ccQotGgN.s:988    .text.app_control_led_rele:0000000000000124 $d
C:\Users\sr1\AppData\Local\Temp\ccQotGgN.s:995    .bss.App:0000000000000000 $d

UNDEFINED SYMBOLS
protocolMbRtuSlaveCtrl_init
bsp_init
HAL_GPIO_ReadPin
SPI_DATA_RX
protocolMbRtuSlaveCtrl_update_tables
HAL_GPIO_TogglePin
HAL_ADCEx_InjectedGetValue
bsp_get_data_spi
hadc2
HAL_GPIO_WritePin
