ARM GAS  C:\Users\sr1\AppData\Local\Temp\ccnl7qBc.s 			page 1


   1              		.cpu cortex-m4
   2              		.arch armv7e-m
   3              		.fpu fpv4-sp-d16
   4              		.eabi_attribute 27, 1
   5              		.eabi_attribute 28, 1
   6              		.eabi_attribute 20, 1
   7              		.eabi_attribute 21, 1
   8              		.eabi_attribute 23, 3
   9              		.eabi_attribute 24, 1
  10              		.eabi_attribute 25, 1
  11              		.eabi_attribute 26, 1
  12              		.eabi_attribute 30, 1
  13              		.eabi_attribute 34, 1
  14              		.eabi_attribute 18, 4
  15              		.file	"gpio.c"
  16              		.text
  17              	.Ltext0:
  18              		.cfi_sections	.debug_frame
  19              		.file 1 "Core/Src/gpio.c"
  20              		.section	.text.MX_GPIO_Init,"ax",%progbits
  21              		.align	1
  22              		.global	MX_GPIO_Init
  23              		.syntax unified
  24              		.thumb
  25              		.thumb_func
  27              	MX_GPIO_Init:
  28              	.LFB329:
   1:Core/Src/gpio.c **** /* USER CODE BEGIN Header */
   2:Core/Src/gpio.c **** /**
   3:Core/Src/gpio.c ****   ******************************************************************************
   4:Core/Src/gpio.c ****   * @file    gpio.c
   5:Core/Src/gpio.c ****   * @brief   This file provides code for the configuration
   6:Core/Src/gpio.c ****   *          of all used GPIO pins.
   7:Core/Src/gpio.c ****   ******************************************************************************
   8:Core/Src/gpio.c ****   * @attention
   9:Core/Src/gpio.c ****   *
  10:Core/Src/gpio.c ****   * Copyright (c) 2025 STMicroelectronics.
  11:Core/Src/gpio.c ****   * All rights reserved.
  12:Core/Src/gpio.c ****   *
  13:Core/Src/gpio.c ****   * This software is licensed under terms that can be found in the LICENSE file
  14:Core/Src/gpio.c ****   * in the root directory of this software component.
  15:Core/Src/gpio.c ****   * If no LICENSE file comes with this software, it is provided AS-IS.
  16:Core/Src/gpio.c ****   *
  17:Core/Src/gpio.c ****   ******************************************************************************
  18:Core/Src/gpio.c ****   */
  19:Core/Src/gpio.c **** /* USER CODE END Header */
  20:Core/Src/gpio.c **** 
  21:Core/Src/gpio.c **** /* Includes ------------------------------------------------------------------*/
  22:Core/Src/gpio.c **** #include "gpio.h"
  23:Core/Src/gpio.c **** 
  24:Core/Src/gpio.c **** /* USER CODE BEGIN 0 */
  25:Core/Src/gpio.c **** 
  26:Core/Src/gpio.c **** /* USER CODE END 0 */
  27:Core/Src/gpio.c **** 
  28:Core/Src/gpio.c **** /*----------------------------------------------------------------------------*/
  29:Core/Src/gpio.c **** /* Configure GPIO                                                             */
  30:Core/Src/gpio.c **** /*----------------------------------------------------------------------------*/
ARM GAS  C:\Users\sr1\AppData\Local\Temp\ccnl7qBc.s 			page 2


  31:Core/Src/gpio.c **** /* USER CODE BEGIN 1 */
  32:Core/Src/gpio.c **** 
  33:Core/Src/gpio.c **** /* USER CODE END 1 */
  34:Core/Src/gpio.c **** 
  35:Core/Src/gpio.c **** /** Configure pins as
  36:Core/Src/gpio.c ****         * Analog
  37:Core/Src/gpio.c ****         * Input
  38:Core/Src/gpio.c ****         * Output
  39:Core/Src/gpio.c ****         * EVENT_OUT
  40:Core/Src/gpio.c ****         * EXTI
  41:Core/Src/gpio.c **** */
  42:Core/Src/gpio.c **** void MX_GPIO_Init(void)
  43:Core/Src/gpio.c **** {
  29              		.loc 1 43 1 view -0
  30              		.cfi_startproc
  31              		@ args = 0, pretend = 0, frame = 40
  32              		@ frame_needed = 0, uses_anonymous_args = 0
  33 0000 70B5     		push	{r4, r5, r6, lr}
  34              	.LCFI0:
  35              		.cfi_def_cfa_offset 16
  36              		.cfi_offset 4, -16
  37              		.cfi_offset 5, -12
  38              		.cfi_offset 6, -8
  39              		.cfi_offset 14, -4
  40 0002 8AB0     		sub	sp, sp, #40
  41              	.LCFI1:
  42              		.cfi_def_cfa_offset 56
  44:Core/Src/gpio.c **** 
  45:Core/Src/gpio.c ****   GPIO_InitTypeDef GPIO_InitStruct = {0};
  43              		.loc 1 45 3 view .LVU1
  44              		.loc 1 45 20 is_stmt 0 view .LVU2
  45 0004 0024     		movs	r4, #0
  46 0006 0594     		str	r4, [sp, #20]
  47 0008 0694     		str	r4, [sp, #24]
  48 000a 0794     		str	r4, [sp, #28]
  49 000c 0894     		str	r4, [sp, #32]
  50 000e 0994     		str	r4, [sp, #36]
  46:Core/Src/gpio.c **** 
  47:Core/Src/gpio.c ****   /* GPIO Ports Clock Enable */
  48:Core/Src/gpio.c ****   __HAL_RCC_GPIOF_CLK_ENABLE();
  51              		.loc 1 48 3 is_stmt 1 view .LVU3
  52              	.LBB2:
  53              		.loc 1 48 3 view .LVU4
  54              		.loc 1 48 3 view .LVU5
  55 0010 244B     		ldr	r3, .L3
  56 0012 DA6C     		ldr	r2, [r3, #76]
  57 0014 42F02002 		orr	r2, r2, #32
  58 0018 DA64     		str	r2, [r3, #76]
  59              		.loc 1 48 3 view .LVU6
  60 001a DA6C     		ldr	r2, [r3, #76]
  61 001c 02F02002 		and	r2, r2, #32
  62 0020 0192     		str	r2, [sp, #4]
  63              		.loc 1 48 3 view .LVU7
  64 0022 019A     		ldr	r2, [sp, #4]
  65              	.LBE2:
  66              		.loc 1 48 3 view .LVU8
  49:Core/Src/gpio.c ****   __HAL_RCC_GPIOC_CLK_ENABLE();
ARM GAS  C:\Users\sr1\AppData\Local\Temp\ccnl7qBc.s 			page 3


  67              		.loc 1 49 3 view .LVU9
  68              	.LBB3:
  69              		.loc 1 49 3 view .LVU10
  70              		.loc 1 49 3 view .LVU11
  71 0024 DA6C     		ldr	r2, [r3, #76]
  72 0026 42F00402 		orr	r2, r2, #4
  73 002a DA64     		str	r2, [r3, #76]
  74              		.loc 1 49 3 view .LVU12
  75 002c DA6C     		ldr	r2, [r3, #76]
  76 002e 02F00402 		and	r2, r2, #4
  77 0032 0292     		str	r2, [sp, #8]
  78              		.loc 1 49 3 view .LVU13
  79 0034 029A     		ldr	r2, [sp, #8]
  80              	.LBE3:
  81              		.loc 1 49 3 view .LVU14
  50:Core/Src/gpio.c ****   __HAL_RCC_GPIOA_CLK_ENABLE();
  82              		.loc 1 50 3 view .LVU15
  83              	.LBB4:
  84              		.loc 1 50 3 view .LVU16
  85              		.loc 1 50 3 view .LVU17
  86 0036 DA6C     		ldr	r2, [r3, #76]
  87 0038 42F00102 		orr	r2, r2, #1
  88 003c DA64     		str	r2, [r3, #76]
  89              		.loc 1 50 3 view .LVU18
  90 003e DA6C     		ldr	r2, [r3, #76]
  91 0040 02F00102 		and	r2, r2, #1
  92 0044 0392     		str	r2, [sp, #12]
  93              		.loc 1 50 3 view .LVU19
  94 0046 039A     		ldr	r2, [sp, #12]
  95              	.LBE4:
  96              		.loc 1 50 3 view .LVU20
  51:Core/Src/gpio.c ****   __HAL_RCC_GPIOB_CLK_ENABLE();
  97              		.loc 1 51 3 view .LVU21
  98              	.LBB5:
  99              		.loc 1 51 3 view .LVU22
 100              		.loc 1 51 3 view .LVU23
 101 0048 DA6C     		ldr	r2, [r3, #76]
 102 004a 42F00202 		orr	r2, r2, #2
 103 004e DA64     		str	r2, [r3, #76]
 104              		.loc 1 51 3 view .LVU24
 105 0050 DB6C     		ldr	r3, [r3, #76]
 106 0052 03F00203 		and	r3, r3, #2
 107 0056 0493     		str	r3, [sp, #16]
 108              		.loc 1 51 3 view .LVU25
 109 0058 049B     		ldr	r3, [sp, #16]
 110              	.LBE5:
 111              		.loc 1 51 3 view .LVU26
  52:Core/Src/gpio.c **** 
  53:Core/Src/gpio.c ****   /*Configure GPIO pin Output Level */
  54:Core/Src/gpio.c ****   HAL_GPIO_WritePin(GPIOC, DO_LED_1_Pin|DO_LED_2_Pin, GPIO_PIN_RESET);
 112              		.loc 1 54 3 view .LVU27
 113 005a 134E     		ldr	r6, .L3+4
 114 005c 2246     		mov	r2, r4
 115 005e 0621     		movs	r1, #6
 116 0060 3046     		mov	r0, r6
 117 0062 FFF7FEFF 		bl	HAL_GPIO_WritePin
 118              	.LVL0:
ARM GAS  C:\Users\sr1\AppData\Local\Temp\ccnl7qBc.s 			page 4


  55:Core/Src/gpio.c **** 
  56:Core/Src/gpio.c ****   /*Configure GPIO pin Output Level */
  57:Core/Src/gpio.c ****   HAL_GPIO_WritePin(GPIOA, DO_REL_1_Pin|DO_REL_2_Pin|DO_REL_3_Pin|DO_REL_4_Pin
 119              		.loc 1 57 3 view .LVU28
 120 0066 2246     		mov	r2, r4
 121 0068 40F67841 		movw	r1, #3192
 122 006c 4FF09040 		mov	r0, #1207959552
 123 0070 FFF7FEFF 		bl	HAL_GPIO_WritePin
 124              	.LVL1:
  58:Core/Src/gpio.c ****                           |DO_LED_3_Pin|DO_LED_4_Pin, GPIO_PIN_RESET);
  59:Core/Src/gpio.c **** 
  60:Core/Src/gpio.c ****   /*Configure GPIO pins : PCPin PCPin */
  61:Core/Src/gpio.c ****   GPIO_InitStruct.Pin = DO_LED_1_Pin|DO_LED_2_Pin;
 125              		.loc 1 61 3 view .LVU29
 126              		.loc 1 61 23 is_stmt 0 view .LVU30
 127 0074 0623     		movs	r3, #6
 128 0076 0593     		str	r3, [sp, #20]
  62:Core/Src/gpio.c ****   GPIO_InitStruct.Mode = GPIO_MODE_OUTPUT_PP;
 129              		.loc 1 62 3 is_stmt 1 view .LVU31
 130              		.loc 1 62 24 is_stmt 0 view .LVU32
 131 0078 0125     		movs	r5, #1
 132 007a 0695     		str	r5, [sp, #24]
  63:Core/Src/gpio.c ****   GPIO_InitStruct.Pull = GPIO_NOPULL;
 133              		.loc 1 63 3 is_stmt 1 view .LVU33
 134              		.loc 1 63 24 is_stmt 0 view .LVU34
 135 007c 0794     		str	r4, [sp, #28]
  64:Core/Src/gpio.c ****   GPIO_InitStruct.Speed = GPIO_SPEED_FREQ_LOW;
 136              		.loc 1 64 3 is_stmt 1 view .LVU35
 137              		.loc 1 64 25 is_stmt 0 view .LVU36
 138 007e 0894     		str	r4, [sp, #32]
  65:Core/Src/gpio.c ****   HAL_GPIO_Init(GPIOC, &GPIO_InitStruct);
 139              		.loc 1 65 3 is_stmt 1 view .LVU37
 140 0080 05A9     		add	r1, sp, #20
 141 0082 3046     		mov	r0, r6
 142 0084 FFF7FEFF 		bl	HAL_GPIO_Init
 143              	.LVL2:
  66:Core/Src/gpio.c **** 
  67:Core/Src/gpio.c ****   /*Configure GPIO pins : PAPin PAPin PAPin PAPin
  68:Core/Src/gpio.c ****                            PAPin PAPin */
  69:Core/Src/gpio.c ****   GPIO_InitStruct.Pin = DO_REL_1_Pin|DO_REL_2_Pin|DO_REL_3_Pin|DO_REL_4_Pin
 144              		.loc 1 69 3 view .LVU38
 145              		.loc 1 69 23 is_stmt 0 view .LVU39
 146 0088 40F67843 		movw	r3, #3192
 147 008c 0593     		str	r3, [sp, #20]
  70:Core/Src/gpio.c ****                           |DO_LED_3_Pin|DO_LED_4_Pin;
  71:Core/Src/gpio.c ****   GPIO_InitStruct.Mode = GPIO_MODE_OUTPUT_PP;
 148              		.loc 1 71 3 is_stmt 1 view .LVU40
 149              		.loc 1 71 24 is_stmt 0 view .LVU41
 150 008e 0695     		str	r5, [sp, #24]
  72:Core/Src/gpio.c ****   GPIO_InitStruct.Pull = GPIO_NOPULL;
 151              		.loc 1 72 3 is_stmt 1 view .LVU42
 152              		.loc 1 72 24 is_stmt 0 view .LVU43
 153 0090 0794     		str	r4, [sp, #28]
  73:Core/Src/gpio.c ****   GPIO_InitStruct.Speed = GPIO_SPEED_FREQ_LOW;
 154              		.loc 1 73 3 is_stmt 1 view .LVU44
 155              		.loc 1 73 25 is_stmt 0 view .LVU45
 156 0092 0894     		str	r4, [sp, #32]
ARM GAS  C:\Users\sr1\AppData\Local\Temp\ccnl7qBc.s 			page 5


  74:Core/Src/gpio.c ****   HAL_GPIO_Init(GPIOA, &GPIO_InitStruct);
 157              		.loc 1 74 3 is_stmt 1 view .LVU46
 158 0094 05A9     		add	r1, sp, #20
 159 0096 4FF09040 		mov	r0, #1207959552
 160 009a FFF7FEFF 		bl	HAL_GPIO_Init
 161              	.LVL3:
  75:Core/Src/gpio.c **** 
  76:Core/Src/gpio.c **** }
 162              		.loc 1 76 1 is_stmt 0 view .LVU47
 163 009e 0AB0     		add	sp, sp, #40
 164              	.LCFI2:
 165              		.cfi_def_cfa_offset 16
 166              		@ sp needed
 167 00a0 70BD     		pop	{r4, r5, r6, pc}
 168              	.L4:
 169 00a2 00BF     		.align	2
 170              	.L3:
 171 00a4 00100240 		.word	1073876992
 172 00a8 00080048 		.word	1207961600
 173              		.cfi_endproc
 174              	.LFE329:
 176              		.text
 177              	.Letext0:
 178              		.file 2 "c:\\program files\\vscodestmtools\\arm-none-eabi-gcc\\12.2.1-1.2.1\\.content\\arm-none-ea
 179              		.file 3 "c:\\program files\\vscodestmtools\\arm-none-eabi-gcc\\12.2.1-1.2.1\\.content\\arm-none-ea
 180              		.file 4 "Drivers/CMSIS/Device/ST/STM32G4xx/Include/stm32g474xx.h"
 181              		.file 5 "Drivers/STM32G4xx_HAL_Driver/Inc/stm32g4xx_hal_gpio.h"
ARM GAS  C:\Users\sr1\AppData\Local\Temp\ccnl7qBc.s 			page 6


DEFINED SYMBOLS
                            *ABS*:0000000000000000 gpio.c
C:\Users\sr1\AppData\Local\Temp\ccnl7qBc.s:21     .text.MX_GPIO_Init:0000000000000000 $t
C:\Users\sr1\AppData\Local\Temp\ccnl7qBc.s:27     .text.MX_GPIO_Init:0000000000000000 MX_GPIO_Init
C:\Users\sr1\AppData\Local\Temp\ccnl7qBc.s:171    .text.MX_GPIO_Init:00000000000000a4 $d

UNDEFINED SYMBOLS
HAL_GPIO_WritePin
HAL_GPIO_Init
