ARM GAS  C:\Users\sr1\AppData\Local\Temp\cczP8Cdj.s 			page 1


   1              		.cpu cortex-m4
   2              		.arch armv7e-m
   3              		.fpu fpv4-sp-d16
   4              		.eabi_attribute 27, 1
   5              		.eabi_attribute 28, 1
   6              		.eabi_attribute 20, 1
   7              		.eabi_attribute 21, 1
   8              		.eabi_attribute 23, 3
   9              		.eabi_attribute 24, 1
  10              		.eabi_attribute 25, 1
  11              		.eabi_attribute 26, 1
  12              		.eabi_attribute 30, 1
  13              		.eabi_attribute 34, 1
  14              		.eabi_attribute 18, 4
  15              		.file	"usart.c"
  16              		.text
  17              	.Ltext0:
  18              		.cfi_sections	.debug_frame
  19              		.file 1 "Core/Src/usart.c"
  20              		.section	.text.MX_USART1_UART_Init,"ax",%progbits
  21              		.align	1
  22              		.global	MX_USART1_UART_Init
  23              		.syntax unified
  24              		.thumb
  25              		.thumb_func
  27              	MX_USART1_UART_Init:
  28              	.LFB329:
   1:Core/Src/usart.c **** /* USER CODE BEGIN Header */
   2:Core/Src/usart.c **** /**
   3:Core/Src/usart.c ****   ******************************************************************************
   4:Core/Src/usart.c ****   * @file    usart.c
   5:Core/Src/usart.c ****   * @brief   This file provides code for the configuration
   6:Core/Src/usart.c ****   *          of the USART instances.
   7:Core/Src/usart.c ****   ******************************************************************************
   8:Core/Src/usart.c ****   * @attention
   9:Core/Src/usart.c ****   *
  10:Core/Src/usart.c ****   * Copyright (c) 2025 STMicroelectronics.
  11:Core/Src/usart.c ****   * All rights reserved.
  12:Core/Src/usart.c ****   *
  13:Core/Src/usart.c ****   * This software is licensed under terms that can be found in the LICENSE file
  14:Core/Src/usart.c ****   * in the root directory of this software component.
  15:Core/Src/usart.c ****   * If no LICENSE file comes with this software, it is provided AS-IS.
  16:Core/Src/usart.c ****   *
  17:Core/Src/usart.c ****   ******************************************************************************
  18:Core/Src/usart.c ****   */
  19:Core/Src/usart.c **** /* USER CODE END Header */
  20:Core/Src/usart.c **** /* Includes ------------------------------------------------------------------*/
  21:Core/Src/usart.c **** #include "usart.h"
  22:Core/Src/usart.c **** 
  23:Core/Src/usart.c **** /* USER CODE BEGIN 0 */
  24:Core/Src/usart.c **** 
  25:Core/Src/usart.c **** /* USER CODE END 0 */
  26:Core/Src/usart.c **** 
  27:Core/Src/usart.c **** UART_HandleTypeDef huart1;
  28:Core/Src/usart.c **** DMA_HandleTypeDef hdma_usart1_rx;
  29:Core/Src/usart.c **** DMA_HandleTypeDef hdma_usart1_tx;
  30:Core/Src/usart.c **** 
ARM GAS  C:\Users\sr1\AppData\Local\Temp\cczP8Cdj.s 			page 2


  31:Core/Src/usart.c **** /* USART1 init function */
  32:Core/Src/usart.c **** 
  33:Core/Src/usart.c **** void MX_USART1_UART_Init(void)
  34:Core/Src/usart.c **** {
  29              		.loc 1 34 1 view -0
  30              		.cfi_startproc
  31              		@ args = 0, pretend = 0, frame = 0
  32              		@ frame_needed = 0, uses_anonymous_args = 0
  33 0000 08B5     		push	{r3, lr}
  34              	.LCFI0:
  35              		.cfi_def_cfa_offset 8
  36              		.cfi_offset 3, -8
  37              		.cfi_offset 14, -4
  35:Core/Src/usart.c **** 
  36:Core/Src/usart.c ****   /* USER CODE BEGIN USART1_Init 0 */
  37:Core/Src/usart.c **** 
  38:Core/Src/usart.c ****   /* USER CODE END USART1_Init 0 */
  39:Core/Src/usart.c **** 
  40:Core/Src/usart.c ****   /* USER CODE BEGIN USART1_Init 1 */
  41:Core/Src/usart.c **** 
  42:Core/Src/usart.c ****   /* USER CODE END USART1_Init 1 */
  43:Core/Src/usart.c ****   huart1.Instance = USART1;
  38              		.loc 1 43 3 view .LVU1
  39              		.loc 1 43 19 is_stmt 0 view .LVU2
  40 0002 1748     		ldr	r0, .L11
  41 0004 174B     		ldr	r3, .L11+4
  42 0006 0360     		str	r3, [r0]
  44:Core/Src/usart.c ****   huart1.Init.BaudRate = 115200;
  43              		.loc 1 44 3 is_stmt 1 view .LVU3
  44              		.loc 1 44 24 is_stmt 0 view .LVU4
  45 0008 4FF4E133 		mov	r3, #115200
  46 000c 4360     		str	r3, [r0, #4]
  45:Core/Src/usart.c ****   huart1.Init.WordLength = UART_WORDLENGTH_8B;
  47              		.loc 1 45 3 is_stmt 1 view .LVU5
  48              		.loc 1 45 26 is_stmt 0 view .LVU6
  49 000e 0023     		movs	r3, #0
  50 0010 8360     		str	r3, [r0, #8]
  46:Core/Src/usart.c ****   huart1.Init.StopBits = UART_STOPBITS_1;
  51              		.loc 1 46 3 is_stmt 1 view .LVU7
  52              		.loc 1 46 24 is_stmt 0 view .LVU8
  53 0012 C360     		str	r3, [r0, #12]
  47:Core/Src/usart.c ****   huart1.Init.Parity = UART_PARITY_NONE;
  54              		.loc 1 47 3 is_stmt 1 view .LVU9
  55              		.loc 1 47 22 is_stmt 0 view .LVU10
  56 0014 0361     		str	r3, [r0, #16]
  48:Core/Src/usart.c ****   huart1.Init.Mode = UART_MODE_TX_RX;
  57              		.loc 1 48 3 is_stmt 1 view .LVU11
  58              		.loc 1 48 20 is_stmt 0 view .LVU12
  59 0016 0C22     		movs	r2, #12
  60 0018 4261     		str	r2, [r0, #20]
  49:Core/Src/usart.c ****   huart1.Init.HwFlowCtl = UART_HWCONTROL_NONE;
  61              		.loc 1 49 3 is_stmt 1 view .LVU13
  62              		.loc 1 49 25 is_stmt 0 view .LVU14
  63 001a 8361     		str	r3, [r0, #24]
  50:Core/Src/usart.c ****   huart1.Init.OverSampling = UART_OVERSAMPLING_16;
  64              		.loc 1 50 3 is_stmt 1 view .LVU15
  65              		.loc 1 50 28 is_stmt 0 view .LVU16
ARM GAS  C:\Users\sr1\AppData\Local\Temp\cczP8Cdj.s 			page 3


  66 001c C361     		str	r3, [r0, #28]
  51:Core/Src/usart.c ****   huart1.Init.OneBitSampling = UART_ONE_BIT_SAMPLE_DISABLE;
  67              		.loc 1 51 3 is_stmt 1 view .LVU17
  68              		.loc 1 51 30 is_stmt 0 view .LVU18
  69 001e 0362     		str	r3, [r0, #32]
  52:Core/Src/usart.c ****   huart1.Init.ClockPrescaler = UART_PRESCALER_DIV1;
  70              		.loc 1 52 3 is_stmt 1 view .LVU19
  71              		.loc 1 52 30 is_stmt 0 view .LVU20
  72 0020 4362     		str	r3, [r0, #36]
  53:Core/Src/usart.c ****   huart1.AdvancedInit.AdvFeatureInit = UART_ADVFEATURE_NO_INIT;
  73              		.loc 1 53 3 is_stmt 1 view .LVU21
  74              		.loc 1 53 38 is_stmt 0 view .LVU22
  75 0022 8362     		str	r3, [r0, #40]
  54:Core/Src/usart.c ****   if (HAL_UART_Init(&huart1) != HAL_OK)
  76              		.loc 1 54 3 is_stmt 1 view .LVU23
  77              		.loc 1 54 7 is_stmt 0 view .LVU24
  78 0024 FFF7FEFF 		bl	HAL_UART_Init
  79              	.LVL0:
  80              		.loc 1 54 6 view .LVU25
  81 0028 70B9     		cbnz	r0, .L7
  82              	.L2:
  55:Core/Src/usart.c ****   {
  56:Core/Src/usart.c ****     Error_Handler();
  57:Core/Src/usart.c ****   }
  58:Core/Src/usart.c ****   if (HAL_UARTEx_SetTxFifoThreshold(&huart1, UART_TXFIFO_THRESHOLD_1_8) != HAL_OK)
  83              		.loc 1 58 3 is_stmt 1 view .LVU26
  84              		.loc 1 58 7 is_stmt 0 view .LVU27
  85 002a 0021     		movs	r1, #0
  86 002c 0C48     		ldr	r0, .L11
  87 002e FFF7FEFF 		bl	HAL_UARTEx_SetTxFifoThreshold
  88              	.LVL1:
  89              		.loc 1 58 6 view .LVU28
  90 0032 60B9     		cbnz	r0, .L8
  91              	.L3:
  59:Core/Src/usart.c ****   {
  60:Core/Src/usart.c ****     Error_Handler();
  61:Core/Src/usart.c ****   }
  62:Core/Src/usart.c ****   if (HAL_UARTEx_SetRxFifoThreshold(&huart1, UART_RXFIFO_THRESHOLD_1_8) != HAL_OK)
  92              		.loc 1 62 3 is_stmt 1 view .LVU29
  93              		.loc 1 62 7 is_stmt 0 view .LVU30
  94 0034 0021     		movs	r1, #0
  95 0036 0A48     		ldr	r0, .L11
  96 0038 FFF7FEFF 		bl	HAL_UARTEx_SetRxFifoThreshold
  97              	.LVL2:
  98              		.loc 1 62 6 view .LVU31
  99 003c 50B9     		cbnz	r0, .L9
 100              	.L4:
  63:Core/Src/usart.c ****   {
  64:Core/Src/usart.c ****     Error_Handler();
  65:Core/Src/usart.c ****   }
  66:Core/Src/usart.c ****   if (HAL_UARTEx_DisableFifoMode(&huart1) != HAL_OK)
 101              		.loc 1 66 3 is_stmt 1 view .LVU32
 102              		.loc 1 66 7 is_stmt 0 view .LVU33
 103 003e 0848     		ldr	r0, .L11
 104 0040 FFF7FEFF 		bl	HAL_UARTEx_DisableFifoMode
 105              	.LVL3:
 106              		.loc 1 66 6 view .LVU34
ARM GAS  C:\Users\sr1\AppData\Local\Temp\cczP8Cdj.s 			page 4


 107 0044 48B9     		cbnz	r0, .L10
 108              	.L1:
  67:Core/Src/usart.c ****   {
  68:Core/Src/usart.c ****     Error_Handler();
  69:Core/Src/usart.c ****   }
  70:Core/Src/usart.c ****   /* USER CODE BEGIN USART1_Init 2 */
  71:Core/Src/usart.c **** 
  72:Core/Src/usart.c ****   /* USER CODE END USART1_Init 2 */
  73:Core/Src/usart.c **** 
  74:Core/Src/usart.c **** }
 109              		.loc 1 74 1 view .LVU35
 110 0046 08BD     		pop	{r3, pc}
 111              	.L7:
  56:Core/Src/usart.c ****   }
 112              		.loc 1 56 5 is_stmt 1 view .LVU36
 113 0048 FFF7FEFF 		bl	Error_Handler
 114              	.LVL4:
 115 004c EDE7     		b	.L2
 116              	.L8:
  60:Core/Src/usart.c ****   }
 117              		.loc 1 60 5 view .LVU37
 118 004e FFF7FEFF 		bl	Error_Handler
 119              	.LVL5:
 120 0052 EFE7     		b	.L3
 121              	.L9:
  64:Core/Src/usart.c ****   }
 122              		.loc 1 64 5 view .LVU38
 123 0054 FFF7FEFF 		bl	Error_Handler
 124              	.LVL6:
 125 0058 F1E7     		b	.L4
 126              	.L10:
  68:Core/Src/usart.c ****   }
 127              		.loc 1 68 5 view .LVU39
 128 005a FFF7FEFF 		bl	Error_Handler
 129              	.LVL7:
 130              		.loc 1 74 1 is_stmt 0 view .LVU40
 131 005e F2E7     		b	.L1
 132              	.L12:
 133              		.align	2
 134              	.L11:
 135 0060 00000000 		.word	huart1
 136 0064 00380140 		.word	1073821696
 137              		.cfi_endproc
 138              	.LFE329:
 140              		.section	.text.HAL_UART_MspInit,"ax",%progbits
 141              		.align	1
 142              		.global	HAL_UART_MspInit
 143              		.syntax unified
 144              		.thumb
 145              		.thumb_func
 147              	HAL_UART_MspInit:
 148              	.LVL8:
 149              	.LFB330:
  75:Core/Src/usart.c **** 
  76:Core/Src/usart.c **** void HAL_UART_MspInit(UART_HandleTypeDef* uartHandle)
  77:Core/Src/usart.c **** {
 150              		.loc 1 77 1 is_stmt 1 view -0
ARM GAS  C:\Users\sr1\AppData\Local\Temp\cczP8Cdj.s 			page 5


 151              		.cfi_startproc
 152              		@ args = 0, pretend = 0, frame = 112
 153              		@ frame_needed = 0, uses_anonymous_args = 0
 154              		.loc 1 77 1 is_stmt 0 view .LVU42
 155 0000 30B5     		push	{r4, r5, lr}
 156              	.LCFI1:
 157              		.cfi_def_cfa_offset 12
 158              		.cfi_offset 4, -12
 159              		.cfi_offset 5, -8
 160              		.cfi_offset 14, -4
 161 0002 9DB0     		sub	sp, sp, #116
 162              	.LCFI2:
 163              		.cfi_def_cfa_offset 128
 164 0004 0446     		mov	r4, r0
  78:Core/Src/usart.c **** 
  79:Core/Src/usart.c ****   GPIO_InitTypeDef GPIO_InitStruct = {0};
 165              		.loc 1 79 3 is_stmt 1 view .LVU43
 166              		.loc 1 79 20 is_stmt 0 view .LVU44
 167 0006 0021     		movs	r1, #0
 168 0008 1791     		str	r1, [sp, #92]
 169 000a 1891     		str	r1, [sp, #96]
 170 000c 1991     		str	r1, [sp, #100]
 171 000e 1A91     		str	r1, [sp, #104]
 172 0010 1B91     		str	r1, [sp, #108]
  80:Core/Src/usart.c ****   RCC_PeriphCLKInitTypeDef PeriphClkInit = {0};
 173              		.loc 1 80 3 is_stmt 1 view .LVU45
 174              		.loc 1 80 28 is_stmt 0 view .LVU46
 175 0012 5422     		movs	r2, #84
 176 0014 02A8     		add	r0, sp, #8
 177              	.LVL9:
 178              		.loc 1 80 28 view .LVU47
 179 0016 FFF7FEFF 		bl	memset
 180              	.LVL10:
  81:Core/Src/usart.c ****   if(uartHandle->Instance==USART1)
 181              		.loc 1 81 3 is_stmt 1 view .LVU48
 182              		.loc 1 81 16 is_stmt 0 view .LVU49
 183 001a 2268     		ldr	r2, [r4]
 184              		.loc 1 81 5 view .LVU50
 185 001c 324B     		ldr	r3, .L23
 186 001e 9A42     		cmp	r2, r3
 187 0020 01D0     		beq	.L19
 188              	.L13:
  82:Core/Src/usart.c ****   {
  83:Core/Src/usart.c ****   /* USER CODE BEGIN USART1_MspInit 0 */
  84:Core/Src/usart.c **** 
  85:Core/Src/usart.c ****   /* USER CODE END USART1_MspInit 0 */
  86:Core/Src/usart.c **** 
  87:Core/Src/usart.c ****   /** Initializes the peripherals clocks
  88:Core/Src/usart.c ****   */
  89:Core/Src/usart.c ****     PeriphClkInit.PeriphClockSelection = RCC_PERIPHCLK_USART1;
  90:Core/Src/usart.c ****     PeriphClkInit.Usart1ClockSelection = RCC_USART1CLKSOURCE_PCLK2;
  91:Core/Src/usart.c ****     if (HAL_RCCEx_PeriphCLKConfig(&PeriphClkInit) != HAL_OK)
  92:Core/Src/usart.c ****     {
  93:Core/Src/usart.c ****       Error_Handler();
  94:Core/Src/usart.c ****     }
  95:Core/Src/usart.c **** 
  96:Core/Src/usart.c ****     /* USART1 clock enable */
ARM GAS  C:\Users\sr1\AppData\Local\Temp\cczP8Cdj.s 			page 6


  97:Core/Src/usart.c ****     __HAL_RCC_USART1_CLK_ENABLE();
  98:Core/Src/usart.c **** 
  99:Core/Src/usart.c ****     __HAL_RCC_GPIOB_CLK_ENABLE();
 100:Core/Src/usart.c ****     /**USART1 GPIO Configuration
 101:Core/Src/usart.c ****     PB6     ------> USART1_TX
 102:Core/Src/usart.c ****     PB7     ------> USART1_RX
 103:Core/Src/usart.c ****     */
 104:Core/Src/usart.c ****     GPIO_InitStruct.Pin = GPIO_PIN_6|GPIO_PIN_7;
 105:Core/Src/usart.c ****     GPIO_InitStruct.Mode = GPIO_MODE_AF_PP;
 106:Core/Src/usart.c ****     GPIO_InitStruct.Pull = GPIO_NOPULL;
 107:Core/Src/usart.c ****     GPIO_InitStruct.Speed = GPIO_SPEED_FREQ_LOW;
 108:Core/Src/usart.c ****     GPIO_InitStruct.Alternate = GPIO_AF7_USART1;
 109:Core/Src/usart.c ****     HAL_GPIO_Init(GPIOB, &GPIO_InitStruct);
 110:Core/Src/usart.c **** 
 111:Core/Src/usart.c ****     /* USART1 DMA Init */
 112:Core/Src/usart.c ****     /* USART1_RX Init */
 113:Core/Src/usart.c ****     hdma_usart1_rx.Instance = DMA1_Channel1;
 114:Core/Src/usart.c ****     hdma_usart1_rx.Init.Request = DMA_REQUEST_USART1_RX;
 115:Core/Src/usart.c ****     hdma_usart1_rx.Init.Direction = DMA_PERIPH_TO_MEMORY;
 116:Core/Src/usart.c ****     hdma_usart1_rx.Init.PeriphInc = DMA_PINC_DISABLE;
 117:Core/Src/usart.c ****     hdma_usart1_rx.Init.MemInc = DMA_MINC_ENABLE;
 118:Core/Src/usart.c ****     hdma_usart1_rx.Init.PeriphDataAlignment = DMA_PDATAALIGN_BYTE;
 119:Core/Src/usart.c ****     hdma_usart1_rx.Init.MemDataAlignment = DMA_MDATAALIGN_BYTE;
 120:Core/Src/usart.c ****     hdma_usart1_rx.Init.Mode = DMA_NORMAL;
 121:Core/Src/usart.c ****     hdma_usart1_rx.Init.Priority = DMA_PRIORITY_LOW;
 122:Core/Src/usart.c ****     if (HAL_DMA_Init(&hdma_usart1_rx) != HAL_OK)
 123:Core/Src/usart.c ****     {
 124:Core/Src/usart.c ****       Error_Handler();
 125:Core/Src/usart.c ****     }
 126:Core/Src/usart.c **** 
 127:Core/Src/usart.c ****     __HAL_LINKDMA(uartHandle,hdmarx,hdma_usart1_rx);
 128:Core/Src/usart.c **** 
 129:Core/Src/usart.c ****     /* USART1_TX Init */
 130:Core/Src/usart.c ****     hdma_usart1_tx.Instance = DMA1_Channel2;
 131:Core/Src/usart.c ****     hdma_usart1_tx.Init.Request = DMA_REQUEST_USART1_TX;
 132:Core/Src/usart.c ****     hdma_usart1_tx.Init.Direction = DMA_MEMORY_TO_PERIPH;
 133:Core/Src/usart.c ****     hdma_usart1_tx.Init.PeriphInc = DMA_PINC_DISABLE;
 134:Core/Src/usart.c ****     hdma_usart1_tx.Init.MemInc = DMA_MINC_ENABLE;
 135:Core/Src/usart.c ****     hdma_usart1_tx.Init.PeriphDataAlignment = DMA_PDATAALIGN_BYTE;
 136:Core/Src/usart.c ****     hdma_usart1_tx.Init.MemDataAlignment = DMA_MDATAALIGN_BYTE;
 137:Core/Src/usart.c ****     hdma_usart1_tx.Init.Mode = DMA_NORMAL;
 138:Core/Src/usart.c ****     hdma_usart1_tx.Init.Priority = DMA_PRIORITY_LOW;
 139:Core/Src/usart.c ****     if (HAL_DMA_Init(&hdma_usart1_tx) != HAL_OK)
 140:Core/Src/usart.c ****     {
 141:Core/Src/usart.c ****       Error_Handler();
 142:Core/Src/usart.c ****     }
 143:Core/Src/usart.c **** 
 144:Core/Src/usart.c ****     __HAL_LINKDMA(uartHandle,hdmatx,hdma_usart1_tx);
 145:Core/Src/usart.c **** 
 146:Core/Src/usart.c ****     /* USART1 interrupt Init */
 147:Core/Src/usart.c ****     HAL_NVIC_SetPriority(USART1_IRQn, 0, 0);
 148:Core/Src/usart.c ****     HAL_NVIC_EnableIRQ(USART1_IRQn);
 149:Core/Src/usart.c ****   /* USER CODE BEGIN USART1_MspInit 1 */
 150:Core/Src/usart.c **** 
 151:Core/Src/usart.c ****   /* USER CODE END USART1_MspInit 1 */
 152:Core/Src/usart.c ****   }
 153:Core/Src/usart.c **** }
ARM GAS  C:\Users\sr1\AppData\Local\Temp\cczP8Cdj.s 			page 7


 189              		.loc 1 153 1 view .LVU51
 190 0022 1DB0     		add	sp, sp, #116
 191              	.LCFI3:
 192              		.cfi_remember_state
 193              		.cfi_def_cfa_offset 12
 194              		@ sp needed
 195 0024 30BD     		pop	{r4, r5, pc}
 196              	.LVL11:
 197              	.L19:
 198              	.LCFI4:
 199              		.cfi_restore_state
  89:Core/Src/usart.c ****     PeriphClkInit.Usart1ClockSelection = RCC_USART1CLKSOURCE_PCLK2;
 200              		.loc 1 89 5 is_stmt 1 view .LVU52
  89:Core/Src/usart.c ****     PeriphClkInit.Usart1ClockSelection = RCC_USART1CLKSOURCE_PCLK2;
 201              		.loc 1 89 40 is_stmt 0 view .LVU53
 202 0026 0123     		movs	r3, #1
 203 0028 0293     		str	r3, [sp, #8]
  90:Core/Src/usart.c ****     if (HAL_RCCEx_PeriphCLKConfig(&PeriphClkInit) != HAL_OK)
 204              		.loc 1 90 5 is_stmt 1 view .LVU54
  91:Core/Src/usart.c ****     {
 205              		.loc 1 91 5 view .LVU55
  91:Core/Src/usart.c ****     {
 206              		.loc 1 91 9 is_stmt 0 view .LVU56
 207 002a 02A8     		add	r0, sp, #8
 208 002c FFF7FEFF 		bl	HAL_RCCEx_PeriphCLKConfig
 209              	.LVL12:
  91:Core/Src/usart.c ****     {
 210              		.loc 1 91 8 view .LVU57
 211 0030 0028     		cmp	r0, #0
 212 0032 50D1     		bne	.L20
 213              	.L15:
  97:Core/Src/usart.c **** 
 214              		.loc 1 97 5 is_stmt 1 view .LVU58
 215              	.LBB2:
  97:Core/Src/usart.c **** 
 216              		.loc 1 97 5 view .LVU59
  97:Core/Src/usart.c **** 
 217              		.loc 1 97 5 view .LVU60
 218 0034 2D4B     		ldr	r3, .L23+4
 219 0036 1A6E     		ldr	r2, [r3, #96]
 220 0038 42F48042 		orr	r2, r2, #16384
 221 003c 1A66     		str	r2, [r3, #96]
  97:Core/Src/usart.c **** 
 222              		.loc 1 97 5 view .LVU61
 223 003e 1A6E     		ldr	r2, [r3, #96]
 224 0040 02F48042 		and	r2, r2, #16384
 225 0044 0092     		str	r2, [sp]
  97:Core/Src/usart.c **** 
 226              		.loc 1 97 5 view .LVU62
 227 0046 009A     		ldr	r2, [sp]
 228              	.LBE2:
  97:Core/Src/usart.c **** 
 229              		.loc 1 97 5 view .LVU63
  99:Core/Src/usart.c ****     /**USART1 GPIO Configuration
 230              		.loc 1 99 5 view .LVU64
 231              	.LBB3:
  99:Core/Src/usart.c ****     /**USART1 GPIO Configuration
ARM GAS  C:\Users\sr1\AppData\Local\Temp\cczP8Cdj.s 			page 8


 232              		.loc 1 99 5 view .LVU65
  99:Core/Src/usart.c ****     /**USART1 GPIO Configuration
 233              		.loc 1 99 5 view .LVU66
 234 0048 DA6C     		ldr	r2, [r3, #76]
 235 004a 42F00202 		orr	r2, r2, #2
 236 004e DA64     		str	r2, [r3, #76]
  99:Core/Src/usart.c ****     /**USART1 GPIO Configuration
 237              		.loc 1 99 5 view .LVU67
 238 0050 DB6C     		ldr	r3, [r3, #76]
 239 0052 03F00203 		and	r3, r3, #2
 240 0056 0193     		str	r3, [sp, #4]
  99:Core/Src/usart.c ****     /**USART1 GPIO Configuration
 241              		.loc 1 99 5 view .LVU68
 242 0058 019B     		ldr	r3, [sp, #4]
 243              	.LBE3:
  99:Core/Src/usart.c ****     /**USART1 GPIO Configuration
 244              		.loc 1 99 5 view .LVU69
 104:Core/Src/usart.c ****     GPIO_InitStruct.Mode = GPIO_MODE_AF_PP;
 245              		.loc 1 104 5 view .LVU70
 104:Core/Src/usart.c ****     GPIO_InitStruct.Mode = GPIO_MODE_AF_PP;
 246              		.loc 1 104 25 is_stmt 0 view .LVU71
 247 005a C023     		movs	r3, #192
 248 005c 1793     		str	r3, [sp, #92]
 105:Core/Src/usart.c ****     GPIO_InitStruct.Pull = GPIO_NOPULL;
 249              		.loc 1 105 5 is_stmt 1 view .LVU72
 105:Core/Src/usart.c ****     GPIO_InitStruct.Pull = GPIO_NOPULL;
 250              		.loc 1 105 26 is_stmt 0 view .LVU73
 251 005e 0223     		movs	r3, #2
 252 0060 1893     		str	r3, [sp, #96]
 106:Core/Src/usart.c ****     GPIO_InitStruct.Speed = GPIO_SPEED_FREQ_LOW;
 253              		.loc 1 106 5 is_stmt 1 view .LVU74
 106:Core/Src/usart.c ****     GPIO_InitStruct.Speed = GPIO_SPEED_FREQ_LOW;
 254              		.loc 1 106 26 is_stmt 0 view .LVU75
 255 0062 0025     		movs	r5, #0
 256 0064 1995     		str	r5, [sp, #100]
 107:Core/Src/usart.c ****     GPIO_InitStruct.Alternate = GPIO_AF7_USART1;
 257              		.loc 1 107 5 is_stmt 1 view .LVU76
 107:Core/Src/usart.c ****     GPIO_InitStruct.Alternate = GPIO_AF7_USART1;
 258              		.loc 1 107 27 is_stmt 0 view .LVU77
 259 0066 1A95     		str	r5, [sp, #104]
 108:Core/Src/usart.c ****     HAL_GPIO_Init(GPIOB, &GPIO_InitStruct);
 260              		.loc 1 108 5 is_stmt 1 view .LVU78
 108:Core/Src/usart.c ****     HAL_GPIO_Init(GPIOB, &GPIO_InitStruct);
 261              		.loc 1 108 31 is_stmt 0 view .LVU79
 262 0068 0723     		movs	r3, #7
 263 006a 1B93     		str	r3, [sp, #108]
 109:Core/Src/usart.c **** 
 264              		.loc 1 109 5 is_stmt 1 view .LVU80
 265 006c 17A9     		add	r1, sp, #92
 266 006e 2048     		ldr	r0, .L23+8
 267 0070 FFF7FEFF 		bl	HAL_GPIO_Init
 268              	.LVL13:
 113:Core/Src/usart.c ****     hdma_usart1_rx.Init.Request = DMA_REQUEST_USART1_RX;
 269              		.loc 1 113 5 view .LVU81
 113:Core/Src/usart.c ****     hdma_usart1_rx.Init.Request = DMA_REQUEST_USART1_RX;
 270              		.loc 1 113 29 is_stmt 0 view .LVU82
 271 0074 1F48     		ldr	r0, .L23+12
ARM GAS  C:\Users\sr1\AppData\Local\Temp\cczP8Cdj.s 			page 9


 272 0076 204B     		ldr	r3, .L23+16
 273 0078 0360     		str	r3, [r0]
 114:Core/Src/usart.c ****     hdma_usart1_rx.Init.Direction = DMA_PERIPH_TO_MEMORY;
 274              		.loc 1 114 5 is_stmt 1 view .LVU83
 114:Core/Src/usart.c ****     hdma_usart1_rx.Init.Direction = DMA_PERIPH_TO_MEMORY;
 275              		.loc 1 114 33 is_stmt 0 view .LVU84
 276 007a 1823     		movs	r3, #24
 277 007c 4360     		str	r3, [r0, #4]
 115:Core/Src/usart.c ****     hdma_usart1_rx.Init.PeriphInc = DMA_PINC_DISABLE;
 278              		.loc 1 115 5 is_stmt 1 view .LVU85
 115:Core/Src/usart.c ****     hdma_usart1_rx.Init.PeriphInc = DMA_PINC_DISABLE;
 279              		.loc 1 115 35 is_stmt 0 view .LVU86
 280 007e 8560     		str	r5, [r0, #8]
 116:Core/Src/usart.c ****     hdma_usart1_rx.Init.MemInc = DMA_MINC_ENABLE;
 281              		.loc 1 116 5 is_stmt 1 view .LVU87
 116:Core/Src/usart.c ****     hdma_usart1_rx.Init.MemInc = DMA_MINC_ENABLE;
 282              		.loc 1 116 35 is_stmt 0 view .LVU88
 283 0080 C560     		str	r5, [r0, #12]
 117:Core/Src/usart.c ****     hdma_usart1_rx.Init.PeriphDataAlignment = DMA_PDATAALIGN_BYTE;
 284              		.loc 1 117 5 is_stmt 1 view .LVU89
 117:Core/Src/usart.c ****     hdma_usart1_rx.Init.PeriphDataAlignment = DMA_PDATAALIGN_BYTE;
 285              		.loc 1 117 32 is_stmt 0 view .LVU90
 286 0082 8023     		movs	r3, #128
 287 0084 0361     		str	r3, [r0, #16]
 118:Core/Src/usart.c ****     hdma_usart1_rx.Init.MemDataAlignment = DMA_MDATAALIGN_BYTE;
 288              		.loc 1 118 5 is_stmt 1 view .LVU91
 118:Core/Src/usart.c ****     hdma_usart1_rx.Init.MemDataAlignment = DMA_MDATAALIGN_BYTE;
 289              		.loc 1 118 45 is_stmt 0 view .LVU92
 290 0086 4561     		str	r5, [r0, #20]
 119:Core/Src/usart.c ****     hdma_usart1_rx.Init.Mode = DMA_NORMAL;
 291              		.loc 1 119 5 is_stmt 1 view .LVU93
 119:Core/Src/usart.c ****     hdma_usart1_rx.Init.Mode = DMA_NORMAL;
 292              		.loc 1 119 42 is_stmt 0 view .LVU94
 293 0088 8561     		str	r5, [r0, #24]
 120:Core/Src/usart.c ****     hdma_usart1_rx.Init.Priority = DMA_PRIORITY_LOW;
 294              		.loc 1 120 5 is_stmt 1 view .LVU95
 120:Core/Src/usart.c ****     hdma_usart1_rx.Init.Priority = DMA_PRIORITY_LOW;
 295              		.loc 1 120 30 is_stmt 0 view .LVU96
 296 008a C561     		str	r5, [r0, #28]
 121:Core/Src/usart.c ****     if (HAL_DMA_Init(&hdma_usart1_rx) != HAL_OK)
 297              		.loc 1 121 5 is_stmt 1 view .LVU97
 121:Core/Src/usart.c ****     if (HAL_DMA_Init(&hdma_usart1_rx) != HAL_OK)
 298              		.loc 1 121 34 is_stmt 0 view .LVU98
 299 008c 0562     		str	r5, [r0, #32]
 122:Core/Src/usart.c ****     {
 300              		.loc 1 122 5 is_stmt 1 view .LVU99
 122:Core/Src/usart.c ****     {
 301              		.loc 1 122 9 is_stmt 0 view .LVU100
 302 008e FFF7FEFF 		bl	HAL_DMA_Init
 303              	.LVL14:
 122:Core/Src/usart.c ****     {
 304              		.loc 1 122 8 view .LVU101
 305 0092 18BB     		cbnz	r0, .L21
 306              	.L16:
 127:Core/Src/usart.c **** 
 307              		.loc 1 127 5 is_stmt 1 view .LVU102
 127:Core/Src/usart.c **** 
ARM GAS  C:\Users\sr1\AppData\Local\Temp\cczP8Cdj.s 			page 10


 308              		.loc 1 127 5 view .LVU103
 309 0094 174B     		ldr	r3, .L23+12
 310 0096 E367     		str	r3, [r4, #124]
 127:Core/Src/usart.c **** 
 311              		.loc 1 127 5 view .LVU104
 312 0098 9C62     		str	r4, [r3, #40]
 127:Core/Src/usart.c **** 
 313              		.loc 1 127 5 view .LVU105
 130:Core/Src/usart.c ****     hdma_usart1_tx.Init.Request = DMA_REQUEST_USART1_TX;
 314              		.loc 1 130 5 view .LVU106
 130:Core/Src/usart.c ****     hdma_usart1_tx.Init.Request = DMA_REQUEST_USART1_TX;
 315              		.loc 1 130 29 is_stmt 0 view .LVU107
 316 009a 1848     		ldr	r0, .L23+20
 317 009c 184B     		ldr	r3, .L23+24
 318 009e 0360     		str	r3, [r0]
 131:Core/Src/usart.c ****     hdma_usart1_tx.Init.Direction = DMA_MEMORY_TO_PERIPH;
 319              		.loc 1 131 5 is_stmt 1 view .LVU108
 131:Core/Src/usart.c ****     hdma_usart1_tx.Init.Direction = DMA_MEMORY_TO_PERIPH;
 320              		.loc 1 131 33 is_stmt 0 view .LVU109
 321 00a0 1923     		movs	r3, #25
 322 00a2 4360     		str	r3, [r0, #4]
 132:Core/Src/usart.c ****     hdma_usart1_tx.Init.PeriphInc = DMA_PINC_DISABLE;
 323              		.loc 1 132 5 is_stmt 1 view .LVU110
 132:Core/Src/usart.c ****     hdma_usart1_tx.Init.PeriphInc = DMA_PINC_DISABLE;
 324              		.loc 1 132 35 is_stmt 0 view .LVU111
 325 00a4 1023     		movs	r3, #16
 326 00a6 8360     		str	r3, [r0, #8]
 133:Core/Src/usart.c ****     hdma_usart1_tx.Init.MemInc = DMA_MINC_ENABLE;
 327              		.loc 1 133 5 is_stmt 1 view .LVU112
 133:Core/Src/usart.c ****     hdma_usart1_tx.Init.MemInc = DMA_MINC_ENABLE;
 328              		.loc 1 133 35 is_stmt 0 view .LVU113
 329 00a8 0023     		movs	r3, #0
 330 00aa C360     		str	r3, [r0, #12]
 134:Core/Src/usart.c ****     hdma_usart1_tx.Init.PeriphDataAlignment = DMA_PDATAALIGN_BYTE;
 331              		.loc 1 134 5 is_stmt 1 view .LVU114
 134:Core/Src/usart.c ****     hdma_usart1_tx.Init.PeriphDataAlignment = DMA_PDATAALIGN_BYTE;
 332              		.loc 1 134 32 is_stmt 0 view .LVU115
 333 00ac 8022     		movs	r2, #128
 334 00ae 0261     		str	r2, [r0, #16]
 135:Core/Src/usart.c ****     hdma_usart1_tx.Init.MemDataAlignment = DMA_MDATAALIGN_BYTE;
 335              		.loc 1 135 5 is_stmt 1 view .LVU116
 135:Core/Src/usart.c ****     hdma_usart1_tx.Init.MemDataAlignment = DMA_MDATAALIGN_BYTE;
 336              		.loc 1 135 45 is_stmt 0 view .LVU117
 337 00b0 4361     		str	r3, [r0, #20]
 136:Core/Src/usart.c ****     hdma_usart1_tx.Init.Mode = DMA_NORMAL;
 338              		.loc 1 136 5 is_stmt 1 view .LVU118
 136:Core/Src/usart.c ****     hdma_usart1_tx.Init.Mode = DMA_NORMAL;
 339              		.loc 1 136 42 is_stmt 0 view .LVU119
 340 00b2 8361     		str	r3, [r0, #24]
 137:Core/Src/usart.c ****     hdma_usart1_tx.Init.Priority = DMA_PRIORITY_LOW;
 341              		.loc 1 137 5 is_stmt 1 view .LVU120
 137:Core/Src/usart.c ****     hdma_usart1_tx.Init.Priority = DMA_PRIORITY_LOW;
 342              		.loc 1 137 30 is_stmt 0 view .LVU121
 343 00b4 C361     		str	r3, [r0, #28]
 138:Core/Src/usart.c ****     if (HAL_DMA_Init(&hdma_usart1_tx) != HAL_OK)
 344              		.loc 1 138 5 is_stmt 1 view .LVU122
 138:Core/Src/usart.c ****     if (HAL_DMA_Init(&hdma_usart1_tx) != HAL_OK)
ARM GAS  C:\Users\sr1\AppData\Local\Temp\cczP8Cdj.s 			page 11


 345              		.loc 1 138 34 is_stmt 0 view .LVU123
 346 00b6 0362     		str	r3, [r0, #32]
 139:Core/Src/usart.c ****     {
 347              		.loc 1 139 5 is_stmt 1 view .LVU124
 139:Core/Src/usart.c ****     {
 348              		.loc 1 139 9 is_stmt 0 view .LVU125
 349 00b8 FFF7FEFF 		bl	HAL_DMA_Init
 350              	.LVL15:
 139:Core/Src/usart.c ****     {
 351              		.loc 1 139 8 view .LVU126
 352 00bc 88B9     		cbnz	r0, .L22
 353              	.L17:
 144:Core/Src/usart.c **** 
 354              		.loc 1 144 5 is_stmt 1 view .LVU127
 144:Core/Src/usart.c **** 
 355              		.loc 1 144 5 view .LVU128
 356 00be 0F4B     		ldr	r3, .L23+20
 357 00c0 A367     		str	r3, [r4, #120]
 144:Core/Src/usart.c **** 
 358              		.loc 1 144 5 view .LVU129
 359 00c2 9C62     		str	r4, [r3, #40]
 144:Core/Src/usart.c **** 
 360              		.loc 1 144 5 view .LVU130
 147:Core/Src/usart.c ****     HAL_NVIC_EnableIRQ(USART1_IRQn);
 361              		.loc 1 147 5 view .LVU131
 362 00c4 0022     		movs	r2, #0
 363 00c6 1146     		mov	r1, r2
 364 00c8 2520     		movs	r0, #37
 365 00ca FFF7FEFF 		bl	HAL_NVIC_SetPriority
 366              	.LVL16:
 148:Core/Src/usart.c ****   /* USER CODE BEGIN USART1_MspInit 1 */
 367              		.loc 1 148 5 view .LVU132
 368 00ce 2520     		movs	r0, #37
 369 00d0 FFF7FEFF 		bl	HAL_NVIC_EnableIRQ
 370              	.LVL17:
 371              		.loc 1 153 1 is_stmt 0 view .LVU133
 372 00d4 A5E7     		b	.L13
 373              	.L20:
  93:Core/Src/usart.c ****     }
 374              		.loc 1 93 7 is_stmt 1 view .LVU134
 375 00d6 FFF7FEFF 		bl	Error_Handler
 376              	.LVL18:
 377 00da ABE7     		b	.L15
 378              	.L21:
 124:Core/Src/usart.c ****     }
 379              		.loc 1 124 7 view .LVU135
 380 00dc FFF7FEFF 		bl	Error_Handler
 381              	.LVL19:
 382 00e0 D8E7     		b	.L16
 383              	.L22:
 141:Core/Src/usart.c ****     }
 384              		.loc 1 141 7 view .LVU136
 385 00e2 FFF7FEFF 		bl	Error_Handler
 386              	.LVL20:
 387 00e6 EAE7     		b	.L17
 388              	.L24:
 389              		.align	2
ARM GAS  C:\Users\sr1\AppData\Local\Temp\cczP8Cdj.s 			page 12


 390              	.L23:
 391 00e8 00380140 		.word	1073821696
 392 00ec 00100240 		.word	1073876992
 393 00f0 00040048 		.word	1207960576
 394 00f4 00000000 		.word	hdma_usart1_rx
 395 00f8 08000240 		.word	1073872904
 396 00fc 00000000 		.word	hdma_usart1_tx
 397 0100 1C000240 		.word	1073872924
 398              		.cfi_endproc
 399              	.LFE330:
 401              		.section	.text.HAL_UART_MspDeInit,"ax",%progbits
 402              		.align	1
 403              		.global	HAL_UART_MspDeInit
 404              		.syntax unified
 405              		.thumb
 406              		.thumb_func
 408              	HAL_UART_MspDeInit:
 409              	.LVL21:
 410              	.LFB331:
 154:Core/Src/usart.c **** 
 155:Core/Src/usart.c **** void HAL_UART_MspDeInit(UART_HandleTypeDef* uartHandle)
 156:Core/Src/usart.c **** {
 411              		.loc 1 156 1 view -0
 412              		.cfi_startproc
 413              		@ args = 0, pretend = 0, frame = 0
 414              		@ frame_needed = 0, uses_anonymous_args = 0
 157:Core/Src/usart.c **** 
 158:Core/Src/usart.c ****   if(uartHandle->Instance==USART1)
 415              		.loc 1 158 3 view .LVU138
 416              		.loc 1 158 16 is_stmt 0 view .LVU139
 417 0000 0268     		ldr	r2, [r0]
 418              		.loc 1 158 5 view .LVU140
 419 0002 0C4B     		ldr	r3, .L32
 420 0004 9A42     		cmp	r2, r3
 421 0006 00D0     		beq	.L31
 422 0008 7047     		bx	lr
 423              	.L31:
 156:Core/Src/usart.c **** 
 424              		.loc 1 156 1 view .LVU141
 425 000a 10B5     		push	{r4, lr}
 426              	.LCFI5:
 427              		.cfi_def_cfa_offset 8
 428              		.cfi_offset 4, -8
 429              		.cfi_offset 14, -4
 430 000c 0446     		mov	r4, r0
 159:Core/Src/usart.c ****   {
 160:Core/Src/usart.c ****   /* USER CODE BEGIN USART1_MspDeInit 0 */
 161:Core/Src/usart.c **** 
 162:Core/Src/usart.c ****   /* USER CODE END USART1_MspDeInit 0 */
 163:Core/Src/usart.c ****     /* Peripheral clock disable */
 164:Core/Src/usart.c ****     __HAL_RCC_USART1_CLK_DISABLE();
 431              		.loc 1 164 5 is_stmt 1 view .LVU142
 432 000e 0A4A     		ldr	r2, .L32+4
 433 0010 136E     		ldr	r3, [r2, #96]
 434 0012 23F48043 		bic	r3, r3, #16384
 435 0016 1366     		str	r3, [r2, #96]
 165:Core/Src/usart.c **** 
ARM GAS  C:\Users\sr1\AppData\Local\Temp\cczP8Cdj.s 			page 13


 166:Core/Src/usart.c ****     /**USART1 GPIO Configuration
 167:Core/Src/usart.c ****     PB6     ------> USART1_TX
 168:Core/Src/usart.c ****     PB7     ------> USART1_RX
 169:Core/Src/usart.c ****     */
 170:Core/Src/usart.c ****     HAL_GPIO_DeInit(GPIOB, GPIO_PIN_6|GPIO_PIN_7);
 436              		.loc 1 170 5 view .LVU143
 437 0018 C021     		movs	r1, #192
 438 001a 0848     		ldr	r0, .L32+8
 439              	.LVL22:
 440              		.loc 1 170 5 is_stmt 0 view .LVU144
 441 001c FFF7FEFF 		bl	HAL_GPIO_DeInit
 442              	.LVL23:
 171:Core/Src/usart.c **** 
 172:Core/Src/usart.c ****     /* USART1 DMA DeInit */
 173:Core/Src/usart.c ****     HAL_DMA_DeInit(uartHandle->hdmarx);
 443              		.loc 1 173 5 is_stmt 1 view .LVU145
 444 0020 E06F     		ldr	r0, [r4, #124]
 445 0022 FFF7FEFF 		bl	HAL_DMA_DeInit
 446              	.LVL24:
 174:Core/Src/usart.c ****     HAL_DMA_DeInit(uartHandle->hdmatx);
 447              		.loc 1 174 5 view .LVU146
 448 0026 A06F     		ldr	r0, [r4, #120]
 449 0028 FFF7FEFF 		bl	HAL_DMA_DeInit
 450              	.LVL25:
 175:Core/Src/usart.c **** 
 176:Core/Src/usart.c ****     /* USART1 interrupt Deinit */
 177:Core/Src/usart.c ****     HAL_NVIC_DisableIRQ(USART1_IRQn);
 451              		.loc 1 177 5 view .LVU147
 452 002c 2520     		movs	r0, #37
 453 002e FFF7FEFF 		bl	HAL_NVIC_DisableIRQ
 454              	.LVL26:
 178:Core/Src/usart.c ****   /* USER CODE BEGIN USART1_MspDeInit 1 */
 179:Core/Src/usart.c **** 
 180:Core/Src/usart.c ****   /* USER CODE END USART1_MspDeInit 1 */
 181:Core/Src/usart.c ****   }
 182:Core/Src/usart.c **** }
 455              		.loc 1 182 1 is_stmt 0 view .LVU148
 456 0032 10BD     		pop	{r4, pc}
 457              	.LVL27:
 458              	.L33:
 459              		.loc 1 182 1 view .LVU149
 460              		.align	2
 461              	.L32:
 462 0034 00380140 		.word	1073821696
 463 0038 00100240 		.word	1073876992
 464 003c 00040048 		.word	1207960576
 465              		.cfi_endproc
 466              	.LFE331:
 468              		.global	hdma_usart1_tx
 469              		.section	.bss.hdma_usart1_tx,"aw",%nobits
 470              		.align	2
 473              	hdma_usart1_tx:
 474 0000 00000000 		.space	96
 474      00000000 
 474      00000000 
 474      00000000 
 474      00000000 
ARM GAS  C:\Users\sr1\AppData\Local\Temp\cczP8Cdj.s 			page 14


 475              		.global	hdma_usart1_rx
 476              		.section	.bss.hdma_usart1_rx,"aw",%nobits
 477              		.align	2
 480              	hdma_usart1_rx:
 481 0000 00000000 		.space	96
 481      00000000 
 481      00000000 
 481      00000000 
 481      00000000 
 482              		.global	huart1
 483              		.section	.bss.huart1,"aw",%nobits
 484              		.align	2
 487              	huart1:
 488 0000 00000000 		.space	144
 488      00000000 
 488      00000000 
 488      00000000 
 488      00000000 
 489              		.text
 490              	.Letext0:
 491              		.file 2 "Drivers/CMSIS/Device/ST/STM32G4xx/Include/stm32g474xx.h"
 492              		.file 3 "c:\\program files\\vscodestmtools\\arm-none-eabi-gcc\\12.2.1-1.2.1\\.content\\arm-none-ea
 493              		.file 4 "c:\\program files\\vscodestmtools\\arm-none-eabi-gcc\\12.2.1-1.2.1\\.content\\arm-none-ea
 494              		.file 5 "Drivers/STM32G4xx_HAL_Driver/Inc/stm32g4xx_hal_def.h"
 495              		.file 6 "Drivers/STM32G4xx_HAL_Driver/Inc/stm32g4xx_hal_rcc_ex.h"
 496              		.file 7 "Drivers/STM32G4xx_HAL_Driver/Inc/stm32g4xx_hal_gpio.h"
 497              		.file 8 "Drivers/STM32G4xx_HAL_Driver/Inc/stm32g4xx_hal_dma.h"
 498              		.file 9 "Drivers/STM32G4xx_HAL_Driver/Inc/stm32g4xx_hal_uart.h"
 499              		.file 10 "Core/Inc/usart.h"
 500              		.file 11 "Drivers/STM32G4xx_HAL_Driver/Inc/stm32g4xx_hal_cortex.h"
 501              		.file 12 "Drivers/STM32G4xx_HAL_Driver/Inc/stm32g4xx_hal_uart_ex.h"
 502              		.file 13 "Core/Inc/main.h"
 503              		.file 14 "<built-in>"
ARM GAS  C:\Users\sr1\AppData\Local\Temp\cczP8Cdj.s 			page 15


DEFINED SYMBOLS
                            *ABS*:0000000000000000 usart.c
C:\Users\sr1\AppData\Local\Temp\cczP8Cdj.s:21     .text.MX_USART1_UART_Init:0000000000000000 $t
C:\Users\sr1\AppData\Local\Temp\cczP8Cdj.s:27     .text.MX_USART1_UART_Init:0000000000000000 MX_USART1_UART_Init
C:\Users\sr1\AppData\Local\Temp\cczP8Cdj.s:135    .text.MX_USART1_UART_Init:0000000000000060 $d
C:\Users\sr1\AppData\Local\Temp\cczP8Cdj.s:487    .bss.huart1:0000000000000000 huart1
C:\Users\sr1\AppData\Local\Temp\cczP8Cdj.s:141    .text.HAL_UART_MspInit:0000000000000000 $t
C:\Users\sr1\AppData\Local\Temp\cczP8Cdj.s:147    .text.HAL_UART_MspInit:0000000000000000 HAL_UART_MspInit
C:\Users\sr1\AppData\Local\Temp\cczP8Cdj.s:391    .text.HAL_UART_MspInit:00000000000000e8 $d
C:\Users\sr1\AppData\Local\Temp\cczP8Cdj.s:480    .bss.hdma_usart1_rx:0000000000000000 hdma_usart1_rx
C:\Users\sr1\AppData\Local\Temp\cczP8Cdj.s:473    .bss.hdma_usart1_tx:0000000000000000 hdma_usart1_tx
C:\Users\sr1\AppData\Local\Temp\cczP8Cdj.s:402    .text.HAL_UART_MspDeInit:0000000000000000 $t
C:\Users\sr1\AppData\Local\Temp\cczP8Cdj.s:408    .text.HAL_UART_MspDeInit:0000000000000000 HAL_UART_MspDeInit
C:\Users\sr1\AppData\Local\Temp\cczP8Cdj.s:462    .text.HAL_UART_MspDeInit:0000000000000034 $d
C:\Users\sr1\AppData\Local\Temp\cczP8Cdj.s:470    .bss.hdma_usart1_tx:0000000000000000 $d
C:\Users\sr1\AppData\Local\Temp\cczP8Cdj.s:477    .bss.hdma_usart1_rx:0000000000000000 $d
C:\Users\sr1\AppData\Local\Temp\cczP8Cdj.s:484    .bss.huart1:0000000000000000 $d

UNDEFINED SYMBOLS
HAL_UART_Init
HAL_UARTEx_SetTxFifoThreshold
HAL_UARTEx_SetRxFifoThreshold
HAL_UARTEx_DisableFifoMode
Error_Handler
memset
HAL_RCCEx_PeriphCLKConfig
HAL_GPIO_Init
HAL_DMA_Init
HAL_NVIC_SetPriority
HAL_NVIC_EnableIRQ
HAL_GPIO_DeInit
HAL_DMA_DeInit
HAL_NVIC_DisableIRQ
